<?xml version="1.0" encoding="UTF-8"?>
<robot generator="Robot 4.1 (Python 3.9.0 on win32)" generated="20230706 12:09:41.470" rpa="false" schemaversion="2">
<suite id="s1" name="Testcase Cabs" source="C:\Users\158410\OneDrive - Arrow Electronics, Inc\Desktop\RobotFramework\MakeMyTrip\Appname\Module\testcase_cabs.robot">
<kw name="Open The Browser" library="testcase_common_keywords" type="SETUP">
<kw name="Set Selenium Timeout" library="SeleniumLibrary">
<arg>10 seconds</arg>
<doc>Sets the timeout that is used by various keywords.</doc>
<status status="PASS" starttime="20230706 12:09:41.688" endtime="20230706 12:09:41.688"/>
</kw>
<kw name="Open Browser" library="SeleniumLibrary">
<arg>${Mmturl}</arg>
<arg>Chrome</arg>
<doc>Opens a new browser instance to the optional ``url``.</doc>
<msg timestamp="20230706 12:09:41.689" level="INFO">Opening browser 'Chrome' to base url 'https://www.makemytrip.com/'.</msg>
<status status="PASS" starttime="20230706 12:09:41.688" endtime="20230706 12:09:46.278"/>
</kw>
<kw name="Maximize Browser Window" library="SeleniumLibrary">
<doc>Maximizes current browser window.</doc>
<status status="PASS" starttime="20230706 12:09:46.278" endtime="20230706 12:09:46.396"/>
</kw>
<kw name="Wait Until Element Is Visible" library="SeleniumLibrary">
<arg>${logo}</arg>
<doc>Waits until the element ``locator`` is visible.</doc>
<status status="PASS" starttime="20230706 12:09:46.396" endtime="20230706 12:09:46.428"/>
</kw>
<status status="PASS" starttime="20230706 12:09:41.687" endtime="20230706 12:09:46.428"/>
</kw>
<test id="s1-t1" name="Validate Cabs Tab">
<kw name="Set Selenium Timeout" library="SeleniumLibrary">
<arg>10s</arg>
<doc>Sets the timeout that is used by various keywords.</doc>
<status status="PASS" starttime="20230706 12:09:46.429" endtime="20230706 12:09:46.430"/>
</kw>
<kw name="Click Element" library="SeleniumLibrary">
<arg>${ClickCabs}</arg>
<doc>Click the element identified by ``locator``.</doc>
<msg timestamp="20230706 12:09:46.430" level="INFO">Clicking element 'css=span[class='chNavIcon appendBottom2 chSprite chCabs']'.</msg>
<status status="PASS" starttime="20230706 12:09:46.430" endtime="20230706 12:09:46.610"/>
</kw>
<kw name="Sleep" library="BuiltIn">
<arg>1</arg>
<doc>Pauses the test executed for the given time.</doc>
<msg timestamp="20230706 12:09:47.618" level="INFO">Slept 1 second</msg>
<status status="PASS" starttime="20230706 12:09:46.611" endtime="20230706 12:09:47.618"/>
</kw>
<kw name="Click Element" library="SeleniumLibrary">
<arg>${TrainsFrom}</arg>
<doc>Click the element identified by ``locator``.</doc>
<msg timestamp="20230706 12:09:47.620" level="INFO">Clicking element '//span[text()='From']'.</msg>
<status status="PASS" starttime="20230706 12:09:47.619" endtime="20230706 12:09:47.737"/>
</kw>
<kw name="Wait Until Element Is Visible" library="SeleniumLibrary">
<arg>${CabsFrom}</arg>
<doc>Waits until the element ``locator`` is visible.</doc>
<status status="PASS" starttime="20230706 12:09:47.738" endtime="20230706 12:09:48.195"/>
</kw>
<kw name="Click Element" library="SeleniumLibrary">
<arg>${CabsFrom}</arg>
<doc>Click the element identified by ``locator``.</doc>
<msg timestamp="20230706 12:09:48.196" level="INFO">Clicking element '//span[text()='Bangalore']'.</msg>
<status status="PASS" starttime="20230706 12:09:48.196" endtime="20230706 12:09:48.296"/>
</kw>
<kw name="Click Element" library="SeleniumLibrary">
<arg>${CabsTo}</arg>
<doc>Click the element identified by ``locator``.</doc>
<msg timestamp="20230706 12:09:48.297" level="INFO">Clicking element '//span[text()='To']'.</msg>
<status status="PASS" starttime="20230706 12:09:48.297" endtime="20230706 12:09:48.421"/>
</kw>
<kw name="Wait Until Element Is Visible" library="SeleniumLibrary">
<arg>${CabsDestination}</arg>
<doc>Waits until the element ``locator`` is visible.</doc>
<status status="PASS" starttime="20230706 12:09:48.422" endtime="20230706 12:09:48.665"/>
</kw>
<kw name="Click Element" library="SeleniumLibrary">
<arg>${CabsDestination}</arg>
<doc>Click the element identified by ``locator``.</doc>
<msg timestamp="20230706 12:09:48.667" level="INFO">Clicking element '//span[text()='Mumbai']'.</msg>
<status status="PASS" starttime="20230706 12:09:48.666" endtime="20230706 12:09:48.735"/>
</kw>
<kw name="Click Element" library="SeleniumLibrary">
<arg>${CabsDeparture}</arg>
<doc>Click the element identified by ``locator``.</doc>
<msg timestamp="20230706 12:09:48.736" level="INFO">Clicking element '//span[text()='DEPARTURE']'.</msg>
<status status="PASS" starttime="20230706 12:09:48.736" endtime="20230706 12:09:48.821"/>
</kw>
<kw name="Date" library="Extended_library">
<var>${choosedate}</var>
<arg>2</arg>
<msg timestamp="20230706 12:09:48.822" level="INFO">${choosedate} = 8</msg>
<status status="PASS" starttime="20230706 12:09:48.822" endtime="20230706 12:09:48.822"/>
</kw>
<kw name="Replace String" library="String">
<var>${CheckIn}</var>
<arg>(//div[text()='DATE'])[1]</arg>
<arg>DATE</arg>
<arg>${choosedate}</arg>
<doc>Replaces ``search_for`` in the given ``string`` with ``replace_with``.</doc>
<msg timestamp="20230706 12:09:48.823" level="INFO">${CheckIn} = (//div[text()='8'])[1]</msg>
<status status="PASS" starttime="20230706 12:09:48.822" endtime="20230706 12:09:48.823"/>
</kw>
<kw name="Log To Console" library="BuiltIn">
<arg>${CheckIn}</arg>
<doc>Logs the given message to the console.</doc>
<status status="PASS" starttime="20230706 12:09:48.823" endtime="20230706 12:09:48.823"/>
</kw>
<kw name="Wait Until Element Is Visible" library="SeleniumLibrary">
<arg>${CheckIn}</arg>
<doc>Waits until the element ``locator`` is visible.</doc>
<status status="PASS" starttime="20230706 12:09:48.824" endtime="20230706 12:09:48.841"/>
</kw>
<kw name="Click Element" library="SeleniumLibrary">
<arg>${CheckIn}</arg>
<doc>Click the element identified by ``locator``.</doc>
<msg timestamp="20230706 12:09:48.841" level="INFO">Clicking element '(//div[text()='8'])[1]'.</msg>
<status status="PASS" starttime="20230706 12:09:48.841" endtime="20230706 12:09:48.905"/>
</kw>
<kw name="Sleep" library="BuiltIn">
<arg>1</arg>
<doc>Pauses the test executed for the given time.</doc>
<msg timestamp="20230706 12:09:49.911" level="INFO">Slept 1 second</msg>
<status status="PASS" starttime="20230706 12:09:48.905" endtime="20230706 12:09:49.911"/>
</kw>
<kw name="Click Element" library="SeleniumLibrary">
<arg>${CabsPickUp}</arg>
<doc>Click the element identified by ``locator``.</doc>
<msg timestamp="20230706 12:09:49.912" level="INFO">Clicking element '//span[text()='PICKUP TIME']'.</msg>
<status status="PASS" starttime="20230706 12:09:49.912" endtime="20230706 12:09:50.036"/>
</kw>
<kw name="Sleep" library="BuiltIn">
<arg>1</arg>
<doc>Pauses the test executed for the given time.</doc>
<msg timestamp="20230706 12:09:51.048" level="INFO">Slept 1 second</msg>
<status status="PASS" starttime="20230706 12:09:50.037" endtime="20230706 12:09:51.049"/>
</kw>
<kw name="Click Element" library="SeleniumLibrary">
<arg>${SelectPickupTimeForCab}</arg>
<doc>Click the element identified by ``locator``.</doc>
<msg timestamp="20230706 12:09:51.052" level="INFO">Clicking element '(//span[@class='hrSlotItemChild '])[8]'.</msg>
<kw name="Capture Page Screenshot" library="SeleniumLibrary">
<doc>Takes a screenshot of the current page and embeds it into a log file.</doc>
<msg timestamp="20230706 12:09:51.283" level="INFO" html="true">&lt;/td&gt;&lt;/tr&gt;&lt;tr&gt;&lt;td colspan="3"&gt;&lt;a href="selenium-screenshot-1.png"&gt;&lt;img src="selenium-screenshot-1.png" width="800px"&gt;&lt;/a&gt;</msg>
<status status="PASS" starttime="20230706 12:09:51.067" endtime="20230706 12:09:51.284"/>
</kw>
<msg timestamp="20230706 12:09:51.341" level="FAIL">Element with locator '(//span[@class='hrSlotItemChild '])[8]' not found.</msg>
<status status="FAIL" starttime="20230706 12:09:51.051" endtime="20230706 12:09:51.341"/>
</kw>
<kw name="Sleep" library="BuiltIn">
<arg>1</arg>
<doc>Pauses the test executed for the given time.</doc>
<status status="NOT RUN" starttime="20230706 12:09:51.341" endtime="20230706 12:09:51.341"/>
</kw>
<kw name="Click Element" library="SeleniumLibrary">
<arg>${CabsOneWayPassengers}</arg>
<doc>Click the element identified by ``locator``.</doc>
<status status="NOT RUN" starttime="20230706 12:09:51.341" endtime="20230706 12:09:51.341"/>
</kw>
<kw name="Click Element" library="SeleniumLibrary">
<arg>${CabsApplyButton}</arg>
<doc>Click the element identified by ``locator``.</doc>
<status status="NOT RUN" starttime="20230706 12:09:51.342" endtime="20230706 12:09:51.342"/>
</kw>
<kw name="Click Element" library="SeleniumLibrary">
<arg>${CabsSearch}</arg>
<doc>Click the element identified by ``locator``.</doc>
<status status="NOT RUN" starttime="20230706 12:09:51.342" endtime="20230706 12:09:51.342"/>
</kw>
<kw name="Wait Until Element Is Visible" library="SeleniumLibrary">
<arg>${AirportSearchWait}</arg>
<doc>Waits until the element ``locator`` is visible.</doc>
<status status="NOT RUN" starttime="20230706 12:09:51.342" endtime="20230706 12:09:51.342"/>
</kw>
<kw name="Go Back" library="SeleniumLibrary">
<doc>Simulates the user clicking the back button on their browser.</doc>
<status status="NOT RUN" starttime="20230706 12:09:51.342" endtime="20230706 12:09:51.342"/>
</kw>
<kw name="Wait Until Element Is Visible" library="SeleniumLibrary">
<arg>${logo}</arg>
<doc>Waits until the element ``locator`` is visible.</doc>
<status status="NOT RUN" starttime="20230706 12:09:51.343" endtime="20230706 12:09:51.343"/>
</kw>
<kw name="Click Element" library="SeleniumLibrary">
<arg>${OutstationRoundTrip}</arg>
<doc>Click the element identified by ``locator``.</doc>
<status status="NOT RUN" starttime="20230706 12:09:51.343" endtime="20230706 12:09:51.343"/>
</kw>
<kw name="Click Element" library="SeleniumLibrary">
<arg>${TrainsFrom}</arg>
<doc>Click the element identified by ``locator``.</doc>
<status status="NOT RUN" starttime="20230706 12:09:51.343" endtime="20230706 12:09:51.344"/>
</kw>
<kw name="Wait Until Element Is Visible" library="SeleniumLibrary">
<arg>${CabsFrom}</arg>
<doc>Waits until the element ``locator`` is visible.</doc>
<status status="NOT RUN" starttime="20230706 12:09:51.344" endtime="20230706 12:09:51.344"/>
</kw>
<kw name="Click Element" library="SeleniumLibrary">
<arg>${CabsFrom}</arg>
<doc>Click the element identified by ``locator``.</doc>
<status status="NOT RUN" starttime="20230706 12:09:51.344" endtime="20230706 12:09:51.344"/>
</kw>
<kw name="Click Element" library="SeleniumLibrary">
<arg>${CabsTo}</arg>
<doc>Click the element identified by ``locator``.</doc>
<status status="NOT RUN" starttime="20230706 12:09:51.344" endtime="20230706 12:09:51.344"/>
</kw>
<kw name="Wait Until Element Is Visible" library="SeleniumLibrary">
<arg>${CabsDestination}</arg>
<doc>Waits until the element ``locator`` is visible.</doc>
<status status="NOT RUN" starttime="20230706 12:09:51.344" endtime="20230706 12:09:51.344"/>
</kw>
<kw name="Click Element" library="SeleniumLibrary">
<arg>${CabsDestination}</arg>
<doc>Click the element identified by ``locator``.</doc>
<status status="NOT RUN" starttime="20230706 12:09:51.344" endtime="20230706 12:09:51.345"/>
</kw>
<kw name="Click Element" library="SeleniumLibrary">
<arg>${CabsDeparture}</arg>
<doc>Click the element identified by ``locator``.</doc>
<status status="NOT RUN" starttime="20230706 12:09:51.345" endtime="20230706 12:09:51.345"/>
</kw>
<kw name="Select Date" library="testcase_common_keywords">
<var>${choosedate}</var>
<arg>2</arg>
<status status="NOT RUN" starttime="20230706 12:09:51.345" endtime="20230706 12:09:51.345"/>
</kw>
<kw name="Replace String" library="String">
<var>${CheckIn}</var>
<arg>(//div[text()='date'])[1]</arg>
<arg>date</arg>
<arg>${choosedate}</arg>
<doc>Replaces ``search_for`` in the given ``string`` with ``replace_with``.</doc>
<status status="NOT RUN" starttime="20230706 12:09:51.346" endtime="20230706 12:09:51.346"/>
</kw>
<kw name="Click Element" library="SeleniumLibrary">
<arg>${CheckIn}</arg>
<doc>Click the element identified by ``locator``.</doc>
<status status="NOT RUN" starttime="20230706 12:09:51.346" endtime="20230706 12:09:51.346"/>
</kw>
<kw name="Select Date" library="testcase_common_keywords">
<var>${Choosecheckoutdate}</var>
<arg>3</arg>
<status status="NOT RUN" starttime="20230706 12:09:51.346" endtime="20230706 12:09:51.346"/>
</kw>
<kw name="Replace String" library="String">
<var>${CheckOut}</var>
<arg>(//div[text()='date'])[1]</arg>
<arg>date</arg>
<arg>${Choosecheckoutdate}</arg>
<doc>Replaces ``search_for`` in the given ``string`` with ``replace_with``.</doc>
<status status="NOT RUN" starttime="20230706 12:09:51.347" endtime="20230706 12:09:51.347"/>
</kw>
<kw name="Click Element" library="SeleniumLibrary">
<arg>${CheckOut}</arg>
<doc>Click the element identified by ``locator``.</doc>
<status status="NOT RUN" starttime="20230706 12:09:51.347" endtime="20230706 12:09:51.347"/>
</kw>
<kw name="Sleep" library="BuiltIn">
<arg>1</arg>
<doc>Pauses the test executed for the given time.</doc>
<status status="NOT RUN" starttime="20230706 12:09:51.347" endtime="20230706 12:09:51.347"/>
</kw>
<kw name="Click Element" library="SeleniumLibrary">
<arg>${CabsPickUp}</arg>
<doc>Click the element identified by ``locator``.</doc>
<status status="NOT RUN" starttime="20230706 12:09:51.347" endtime="20230706 12:09:51.347"/>
</kw>
<kw name="Sleep" library="BuiltIn">
<arg>1</arg>
<doc>Pauses the test executed for the given time.</doc>
<status status="NOT RUN" starttime="20230706 12:09:51.348" endtime="20230706 12:09:51.348"/>
</kw>
<kw name="Click Element" library="SeleniumLibrary">
<arg>${SelectPickupTimeForCab}</arg>
<doc>Click the element identified by ``locator``.</doc>
<status status="NOT RUN" starttime="20230706 12:09:51.348" endtime="20230706 12:09:51.348"/>
</kw>
<kw name="Click Element" library="SeleniumLibrary">
<arg>${CabsApplyButton}</arg>
<doc>Click the element identified by ``locator``.</doc>
<status status="NOT RUN" starttime="20230706 12:09:51.349" endtime="20230706 12:09:51.349"/>
</kw>
<kw name="Click Element" library="SeleniumLibrary">
<arg>${CabsDropTime}</arg>
<doc>Click the element identified by ``locator``.</doc>
<status status="NOT RUN" starttime="20230706 12:09:51.349" endtime="20230706 12:09:51.349"/>
</kw>
<kw name="Click Element" library="SeleniumLibrary">
<arg>${CabsDropTimeHours}</arg>
<doc>Click the element identified by ``locator``.</doc>
<status status="NOT RUN" starttime="20230706 12:09:51.349" endtime="20230706 12:09:51.349"/>
</kw>
<kw name="Click Element" library="SeleniumLibrary">
<arg>${CabsApplyButton}</arg>
<doc>Click the element identified by ``locator``.</doc>
<status status="NOT RUN" starttime="20230706 12:09:51.349" endtime="20230706 12:09:51.349"/>
</kw>
<kw name="Click Element" library="SeleniumLibrary">
<arg>${CabsSearch}</arg>
<doc>Click the element identified by ``locator``.</doc>
<status status="NOT RUN" starttime="20230706 12:09:51.350" endtime="20230706 12:09:51.350"/>
</kw>
<kw name="Wait Until Element Is Visible" library="SeleniumLibrary">
<arg>${CabsSearchBlueButton}</arg>
<doc>Waits until the element ``locator`` is visible.</doc>
<status status="NOT RUN" starttime="20230706 12:09:51.350" endtime="20230706 12:09:51.350"/>
</kw>
<kw name="Go Back" library="SeleniumLibrary">
<doc>Simulates the user clicking the back button on their browser.</doc>
<status status="NOT RUN" starttime="20230706 12:09:51.351" endtime="20230706 12:09:51.351"/>
</kw>
<kw name="Click Element" library="SeleniumLibrary">
<arg>${CabsAirportTransfers}</arg>
<doc>Click the element identified by ``locator``.</doc>
<status status="NOT RUN" starttime="20230706 12:09:51.351" endtime="20230706 12:09:51.351"/>
</kw>
<kw name="Wait Until Element Is Visible" library="SeleniumLibrary">
<arg>${SelectAirportTo}</arg>
<doc>Waits until the element ``locator`` is visible.</doc>
<status status="NOT RUN" starttime="20230706 12:09:51.351" endtime="20230706 12:09:51.351"/>
</kw>
<kw name="Click Element" library="SeleniumLibrary">
<arg>${SelectAirportTo}</arg>
<doc>Click the element identified by ``locator``.</doc>
<status status="NOT RUN" starttime="20230706 12:09:51.351" endtime="20230706 12:09:51.352"/>
</kw>
<kw name="Click Element" library="SeleniumLibrary">
<arg>${ClickAirportTo}</arg>
<doc>Click the element identified by ``locator``.</doc>
<status status="NOT RUN" starttime="20230706 12:09:51.352" endtime="20230706 12:09:51.352"/>
</kw>
<kw name="Sleep" library="BuiltIn">
<arg>1</arg>
<doc>Pauses the test executed for the given time.</doc>
<status status="NOT RUN" starttime="20230706 12:09:51.352" endtime="20230706 12:09:51.352"/>
</kw>
<kw name="Input Text" library="SeleniumLibrary">
<arg>${InputAirportFrom}</arg>
<arg>${FromLocation}</arg>
<doc>Types the given ``text`` into the text field identified by ``locator``.</doc>
<status status="NOT RUN" starttime="20230706 12:09:51.353" endtime="20230706 12:09:51.353"/>
</kw>
<kw name="Wait Until Element Is Visible" library="SeleniumLibrary">
<arg>${WaitAirportFrom}</arg>
<doc>Waits until the element ``locator`` is visible.</doc>
<status status="NOT RUN" starttime="20230706 12:09:51.353" endtime="20230706 12:09:51.353"/>
</kw>
<kw name="Click Element" library="SeleniumLibrary">
<arg>${WaitAirportFrom}</arg>
<doc>Click the element identified by ``locator``.</doc>
<status status="NOT RUN" starttime="20230706 12:09:51.353" endtime="20230706 12:09:51.353"/>
</kw>
<kw name="Sleep" library="BuiltIn">
<arg>1</arg>
<doc>Pauses the test executed for the given time.</doc>
<status status="NOT RUN" starttime="20230706 12:09:51.354" endtime="20230706 12:09:51.354"/>
</kw>
<kw name="Input Text" library="SeleniumLibrary">
<arg>${AirportTo}</arg>
<arg>${ToLocation}</arg>
<doc>Types the given ``text`` into the text field identified by ``locator``.</doc>
<status status="NOT RUN" starttime="20230706 12:09:51.354" endtime="20230706 12:09:51.354"/>
</kw>
<kw name="Wait Until Element Is Visible" library="SeleniumLibrary">
<arg>${WaitAirportTo}</arg>
<doc>Waits until the element ``locator`` is visible.</doc>
<status status="NOT RUN" starttime="20230706 12:09:51.354" endtime="20230706 12:09:51.354"/>
</kw>
<kw name="Click Element" library="SeleniumLibrary">
<arg>${WaitAirportTo}</arg>
<doc>Click the element identified by ``locator``.</doc>
<status status="NOT RUN" starttime="20230706 12:09:51.355" endtime="20230706 12:09:51.355"/>
</kw>
<kw name="Select Date" library="testcase_common_keywords">
<var>${choosedate}</var>
<arg>2</arg>
<status status="NOT RUN" starttime="20230706 12:09:51.355" endtime="20230706 12:09:51.355"/>
</kw>
<kw name="Replace String" library="String">
<var>${CheckIn}</var>
<arg>(//div[text()='date'])[2]</arg>
<arg>date</arg>
<arg>${choosedate}</arg>
<doc>Replaces ``search_for`` in the given ``string`` with ``replace_with``.</doc>
<status status="NOT RUN" starttime="20230706 12:09:51.355" endtime="20230706 12:09:51.355"/>
</kw>
<kw name="Click Element" library="SeleniumLibrary">
<arg>${CheckIn}</arg>
<doc>Click the element identified by ``locator``.</doc>
<status status="NOT RUN" starttime="20230706 12:09:51.356" endtime="20230706 12:09:51.356"/>
</kw>
<kw name="Wait Until Element Is Visible" library="SeleniumLibrary">
<arg>${CabsDateWait}</arg>
<doc>Waits until the element ``locator`` is visible.</doc>
<status status="NOT RUN" starttime="20230706 12:09:51.356" endtime="20230706 12:09:51.356"/>
</kw>
<kw name="Click Element" library="SeleniumLibrary">
<arg>${CabsPickUp}</arg>
<doc>Click the element identified by ``locator``.</doc>
<status status="NOT RUN" starttime="20230706 12:09:51.356" endtime="20230706 12:09:51.356"/>
</kw>
<kw name="Sleep" library="BuiltIn">
<arg>1</arg>
<doc>Pauses the test executed for the given time.</doc>
<status status="NOT RUN" starttime="20230706 12:09:51.356" endtime="20230706 12:09:51.357"/>
</kw>
<kw name="Click Element" library="SeleniumLibrary">
<arg>${SelectPickupTimeForCab}</arg>
<doc>Click the element identified by ``locator``.</doc>
<status status="NOT RUN" starttime="20230706 12:09:51.357" endtime="20230706 12:09:51.357"/>
</kw>
<kw name="Click Element" library="SeleniumLibrary">
<arg>${CabsApplyButton}</arg>
<doc>Click the element identified by ``locator``.</doc>
<status status="NOT RUN" starttime="20230706 12:09:51.357" endtime="20230706 12:09:51.357"/>
</kw>
<kw name="Click Element" library="SeleniumLibrary">
<arg>${AirportSearch}</arg>
<doc>Click the element identified by ``locator``.</doc>
<status status="NOT RUN" starttime="20230706 12:09:51.357" endtime="20230706 12:09:51.357"/>
</kw>
<kw name="Wait Until Element Is Visible" library="SeleniumLibrary">
<arg>${AirportSearchWait}</arg>
<doc>Waits until the element ``locator`` is visible.</doc>
<status status="NOT RUN" starttime="20230706 12:09:51.358" endtime="20230706 12:09:51.358"/>
</kw>
<kw name="Click Element" library="SeleniumLibrary">
<arg>${AirportSearchWait}</arg>
<doc>Click the element identified by ``locator``.</doc>
<status status="NOT RUN" starttime="20230706 12:09:51.358" endtime="20230706 12:09:51.358"/>
</kw>
<kw name="Wait Until Element Is Visible" library="SeleniumLibrary">
<arg>${CabsSearchBlueButton}</arg>
<doc>Waits until the element ``locator`` is visible.</doc>
<status status="NOT RUN" starttime="20230706 12:09:51.358" endtime="20230706 12:09:51.358"/>
</kw>
<kw name="Go Back" library="SeleniumLibrary">
<doc>Simulates the user clicking the back button on their browser.</doc>
<status status="NOT RUN" starttime="20230706 12:09:51.358" endtime="20230706 12:09:51.358"/>
</kw>
<kw name="Click Element" library="SeleniumLibrary">
<arg>${ClickHourlyRentals}</arg>
<doc>Click the element identified by ``locator``.</doc>
<status status="NOT RUN" starttime="20230706 12:09:51.358" endtime="20230706 12:09:51.358"/>
</kw>
<kw name="Click Element" library="SeleniumLibrary">
<arg>${HolidayPackagesFrom}</arg>
<doc>Click the element identified by ``locator``.</doc>
<status status="NOT RUN" starttime="20230706 12:09:51.359" endtime="20230706 12:09:51.359"/>
</kw>
<kw name="Wait Until Element Is Visible" library="SeleniumLibrary">
<arg>${WaitAirportFrom}</arg>
<doc>Waits until the element ``locator`` is visible.</doc>
<status status="NOT RUN" starttime="20230706 12:09:51.359" endtime="20230706 12:09:51.359"/>
</kw>
<kw name="Click Element" library="SeleniumLibrary">
<arg>${WaitAirportFrom}</arg>
<doc>Click the element identified by ``locator``.</doc>
<status status="NOT RUN" starttime="20230706 12:09:51.360" endtime="20230706 12:09:51.360"/>
</kw>
<kw name="Click Element" library="SeleniumLibrary">
<arg>${HourlyRentalPickupDate}</arg>
<doc>Click the element identified by ``locator``.</doc>
<status status="NOT RUN" starttime="20230706 12:09:51.360" endtime="20230706 12:09:51.360"/>
</kw>
<kw name="Sleep" library="BuiltIn">
<arg>1</arg>
<doc>Pauses the test executed for the given time.</doc>
<status status="NOT RUN" starttime="20230706 12:09:51.360" endtime="20230706 12:09:51.360"/>
</kw>
<kw name="Select Date" library="testcase_common_keywords">
<var>${choosedate}</var>
<arg>2</arg>
<status status="NOT RUN" starttime="20230706 12:09:51.360" endtime="20230706 12:09:51.360"/>
</kw>
<kw name="Replace String" library="String">
<var>${CheckIn}</var>
<arg>(//div[text()='date'])[2]</arg>
<arg>date</arg>
<arg>${choosedate}</arg>
<doc>Replaces ``search_for`` in the given ``string`` with ``replace_with``.</doc>
<status status="NOT RUN" starttime="20230706 12:09:51.361" endtime="20230706 12:09:51.361"/>
</kw>
<kw name="Click Element" library="SeleniumLibrary">
<arg>${CheckIn}</arg>
<doc>Click the element identified by ``locator``.</doc>
<status status="NOT RUN" starttime="20230706 12:09:51.361" endtime="20230706 12:09:51.361"/>
</kw>
<kw name="Sleep" library="BuiltIn">
<arg>1</arg>
<doc>Pauses the test executed for the given time.</doc>
<status status="NOT RUN" starttime="20230706 12:09:51.361" endtime="20230706 12:09:51.361"/>
</kw>
<kw name="Click Element" library="SeleniumLibrary">
<arg>${CabsPickUp}</arg>
<doc>Click the element identified by ``locator``.</doc>
<status status="NOT RUN" starttime="20230706 12:09:51.361" endtime="20230706 12:09:51.361"/>
</kw>
<kw name="Sleep" library="BuiltIn">
<arg>1</arg>
<doc>Pauses the test executed for the given time.</doc>
<status status="NOT RUN" starttime="20230706 12:09:51.362" endtime="20230706 12:09:51.362"/>
</kw>
<kw name="Click Element" library="SeleniumLibrary">
<arg>${SelectPickupTimeForCab}</arg>
<doc>Click the element identified by ``locator``.</doc>
<status status="NOT RUN" starttime="20230706 12:09:51.362" endtime="20230706 12:09:51.362"/>
</kw>
<kw name="Wait Until Element Is Visible" library="SeleniumLibrary">
<arg>${CabsApplyButton}</arg>
<doc>Waits until the element ``locator`` is visible.</doc>
<status status="NOT RUN" starttime="20230706 12:09:51.362" endtime="20230706 12:09:51.362"/>
</kw>
<kw name="Click Element" library="SeleniumLibrary">
<arg>${CabsApplyButton}</arg>
<doc>Click the element identified by ``locator``.</doc>
<status status="NOT RUN" starttime="20230706 12:09:51.362" endtime="20230706 12:09:51.362"/>
</kw>
<kw name="Click Element" library="SeleniumLibrary">
<arg>${SelectPackage}</arg>
<doc>Click the element identified by ``locator``.</doc>
<status status="NOT RUN" starttime="20230706 12:09:51.363" endtime="20230706 12:09:51.363"/>
</kw>
<kw name="Click Element" library="SeleniumLibrary">
<arg>${SelectdDuration}</arg>
<doc>Click the element identified by ``locator``.</doc>
<status status="NOT RUN" starttime="20230706 12:09:51.363" endtime="20230706 12:09:51.363"/>
</kw>
<kw name="Click Element" library="SeleniumLibrary">
<arg>${CabsSearch}</arg>
<doc>Click the element identified by ``locator``.</doc>
<status status="NOT RUN" starttime="20230706 12:09:51.363" endtime="20230706 12:09:51.363"/>
</kw>
<kw name="Wait Until Element Is Visible" library="SeleniumLibrary">
<arg>${CabsType}</arg>
<doc>Waits until the element ``locator`` is visible.</doc>
<status status="NOT RUN" starttime="20230706 12:09:51.363" endtime="20230706 12:09:51.363"/>
</kw>
<kw name="Go Back" library="SeleniumLibrary">
<doc>Simulates the user clicking the back button on their browser.</doc>
<status status="NOT RUN" starttime="20230706 12:09:51.363" endtime="20230706 12:09:51.363"/>
</kw>
<kw name="Wait Until Element Is Visible" library="SeleniumLibrary">
<arg>${Logo}</arg>
<doc>Waits until the element ``locator`` is visible.</doc>
<status status="NOT RUN" starttime="20230706 12:09:51.363" endtime="20230706 12:09:51.363"/>
</kw>
<kw name="Execute Javascript" library="SeleniumLibrary">
<arg>document.querySelector("${CabsOffersScroll}").scrollIntoView(true)</arg>
<doc>Executes the given JavaScript code with possible arguments.</doc>
<status status="NOT RUN" starttime="20230706 12:09:51.364" endtime="20230706 12:09:51.364"/>
</kw>
<kw name="Sleep" library="BuiltIn">
<arg>0.5</arg>
<doc>Pauses the test executed for the given time.</doc>
<status status="NOT RUN" starttime="20230706 12:09:51.364" endtime="20230706 12:09:51.364"/>
</kw>
<kw name="Wait Until Element Is Visible" library="SeleniumLibrary">
<arg>${HotelsOffers}</arg>
<doc>Waits until the element ``locator`` is visible.</doc>
<status status="NOT RUN" starttime="20230706 12:09:51.365" endtime="20230706 12:09:51.365"/>
</kw>
<kw name="Execute Javascript" library="SeleniumLibrary">
<arg>document.querySelector("${CabsScrollTillForex}").scrollIntoView(true)</arg>
<doc>Executes the given JavaScript code with possible arguments.</doc>
<status status="NOT RUN" starttime="20230706 12:09:51.369" endtime="20230706 12:09:51.369"/>
</kw>
<kw name="Sleep" library="BuiltIn">
<arg>0.5</arg>
<doc>Pauses the test executed for the given time.</doc>
<status status="NOT RUN" starttime="20230706 12:09:51.369" endtime="20230706 12:09:51.369"/>
</kw>
<kw name="Click Element" library="SeleniumLibrary">
<arg>${CabsScroll}</arg>
<doc>Click the element identified by ``locator``.</doc>
<status status="NOT RUN" starttime="20230706 12:09:51.369" endtime="20230706 12:09:51.370"/>
</kw>
<kw name="Go Back" library="SeleniumLibrary">
<doc>Simulates the user clicking the back button on their browser.</doc>
<status status="NOT RUN" starttime="20230706 12:09:51.370" endtime="20230706 12:09:51.370"/>
</kw>
<kw name="Wait Until Element Is Visible" library="SeleniumLibrary">
<arg>${logo}</arg>
<doc>Waits until the element ``locator`` is visible.</doc>
<status status="NOT RUN" starttime="20230706 12:09:51.370" endtime="20230706 12:09:51.370"/>
</kw>
<status status="FAIL" starttime="20230706 12:09:46.428" endtime="20230706 12:09:51.370">Element with locator '(//span[@class='hrSlotItemChild '])[8]' not found.</status>
</test>
<kw name="Close Browser Session" library="testcase_common_keywords" type="TEARDOWN">
<kw name="Close Browser" library="SeleniumLibrary">
<doc>Closes the current browser.</doc>
<status status="PASS" starttime="20230706 12:09:51.373" endtime="20230706 12:09:53.639"/>
</kw>
<status status="PASS" starttime="20230706 12:09:51.373" endtime="20230706 12:09:53.639"/>
</kw>
<status status="FAIL" starttime="20230706 12:09:41.471" endtime="20230706 12:09:53.639"/>
</suite>
<statistics>
<total>
<stat pass="0" fail="1" skip="0">All Tests</stat>
</total>
<tag>
</tag>
<suite>
<stat pass="0" fail="1" skip="0" id="s1" name="Testcase Cabs">Testcase Cabs</stat>
</suite>
</statistics>
<errors>
</errors>
</robot>
