<?xml version="1.0" encoding="UTF-8"?>
<robot generator="Robot 4.1 (Python 3.9.0 on win32)" generated="20230606 18:05:08.340" rpa="false" schemaversion="2">
<suite id="s1" name="Testcase Intranet Holiday Difference" source="C:\Users\158410\OneDrive - Arrow Electronics, Inc\Desktop\RobotFramework\Intranet\Appname\Module1\testcase_intranet_holiday_difference.robot">
<kw name="Open The browser" library="testCase_common_keywords" type="SETUP">
<kw name="Set Selenium Timeout" library="SeleniumLibrary">
<arg>10 seconds</arg>
<doc>Sets the timeout that is used by various keywords.</doc>
<status status="PASS" starttime="20230606 18:05:08.694" endtime="20230606 18:05:08.694"/>
</kw>
<kw name="Open Browser" library="SeleniumLibrary">
<arg>${url}</arg>
<arg>Chrome</arg>
<doc>Opens a new browser instance to the optional ``url``.</doc>
<msg timestamp="20230606 18:05:08.695" level="INFO">Opening browser 'Chrome' to base url 'https://intranet.einfochips.com/'.</msg>
<status status="PASS" starttime="20230606 18:05:08.694" endtime="20230606 18:05:11.672"/>
</kw>
<kw name="Maximize Browser Window" library="SeleniumLibrary">
<doc>Maximizes current browser window.</doc>
<status status="PASS" starttime="20230606 18:05:11.672" endtime="20230606 18:05:11.843"/>
</kw>
<kw name="Wait Until Element Is Visible" library="SeleniumLibrary">
<arg>${ElementVisible}</arg>
<doc>Waits until the element ``locator`` is visible.</doc>
<status status="PASS" starttime="20230606 18:05:11.843" endtime="20230606 18:05:15.603"/>
</kw>
<status status="PASS" starttime="20230606 18:05:08.682" endtime="20230606 18:05:15.604"/>
</kw>
<test id="s1-t1" name="Validate The Intranet Holiday List">
<kw name="Go To Home And Then Holiday List" library="testCase_common_keywords">
<kw name="Wait Until Element Is Visible" library="SeleniumLibrary">
<arg>${MouseHoverToHome}</arg>
<doc>Waits until the element ``locator`` is visible.</doc>
<status status="PASS" starttime="20230606 18:05:15.605" endtime="20230606 18:05:15.630"/>
</kw>
<kw name="Mouse Over" library="SeleniumLibrary">
<arg>${MouseHoverToHome}</arg>
<doc>Simulates hovering the mouse over the element ``locator``.</doc>
<msg timestamp="20230606 18:05:15.631" level="INFO">Simulating Mouse Over on element 'css=div[class='collapse navbar-collapse navbar-ex1-collapse']&gt;ul&gt;li&gt;a[class='dropdown-toggle nav-link']'.</msg>
<status status="PASS" starttime="20230606 18:05:15.630" endtime="20230606 18:05:15.923"/>
</kw>
<kw name="Wait Until Element Is Visible" library="SeleniumLibrary">
<arg>${ClickOnHolidayList}</arg>
<doc>Waits until the element ``locator`` is visible.</doc>
<status status="PASS" starttime="20230606 18:05:15.923" endtime="20230606 18:05:15.951"/>
</kw>
<kw name="Click Element" library="SeleniumLibrary">
<arg>${ClickOnHolidayList}</arg>
<doc>Click the element identified by ``locator``.</doc>
<msg timestamp="20230606 18:05:15.951" level="INFO">Clicking element '//a[text()='Holiday List']'.</msg>
<status status="PASS" starttime="20230606 18:05:15.951" endtime="20230606 18:05:16.123"/>
</kw>
<status status="PASS" starttime="20230606 18:05:15.605" endtime="20230606 18:05:16.123"/>
</kw>
<kw name="Fetch The Holidays List" library="testCase_common_keywords">
<var>${Result}</var>
<arg>2022</arg>
<arg>Pune</arg>
<kw name="Set Selenium Timeout" library="SeleniumLibrary">
<arg>10 seconds</arg>
<doc>Sets the timeout that is used by various keywords.</doc>
<status status="PASS" starttime="20230606 18:05:16.125" endtime="20230606 18:05:16.126"/>
</kw>
<kw name="Click Element" library="SeleniumLibrary">
<arg>${SelectHolidayYearDropdown}</arg>
<doc>Click the element identified by ``locator``.</doc>
<msg timestamp="20230606 18:05:16.127" level="INFO">Clicking element 'css=select[id='holiday_year']'.</msg>
<status status="PASS" starttime="20230606 18:05:16.126" endtime="20230606 18:05:16.194"/>
</kw>
<kw name="Wait Until Element Is Visible" library="SeleniumLibrary">
<arg>${SelectHolidayYearDropdown}</arg>
<doc>Waits until the element ``locator`` is visible.</doc>
<status status="PASS" starttime="20230606 18:05:16.194" endtime="20230606 18:05:16.213"/>
</kw>
<kw name="Select From List By Label" library="SeleniumLibrary">
<arg>${SelectHolidayYearDropdown}</arg>
<arg>${year}</arg>
<doc>Selects options from selection list ``locator`` by ``labels``.</doc>
<msg timestamp="20230606 18:05:16.214" level="INFO">Selecting options from selection list 'css=select[id='holiday_year']' by label 2022.</msg>
<status status="PASS" starttime="20230606 18:05:16.213" endtime="20230606 18:05:16.291"/>
</kw>
<kw name="Click Element" library="SeleniumLibrary">
<arg>${SelectMonths}</arg>
<doc>Click the element identified by ``locator``.</doc>
<msg timestamp="20230606 18:05:16.291" level="INFO">Clicking element 'css=select[id='month_id']&gt;option'.</msg>
<status status="PASS" starttime="20230606 18:05:16.291" endtime="20230606 18:05:16.327"/>
</kw>
<kw name="Click Button" library="SeleniumLibrary">
<arg>${SelectSubmitButton}</arg>
<doc>Clicks the button identified by ``locator``.</doc>
<msg timestamp="20230606 18:05:16.327" level="INFO">Clicking button 'css=button[class='btn btn-success']'.</msg>
<status status="PASS" starttime="20230606 18:05:16.327" endtime="20230606 18:05:16.445"/>
</kw>
<kw name="Create List" library="BuiltIn">
<var>@{ExpectedHolidayList}</var>
<arg>${DescriptionOfHolidayList}</arg>
<doc>Returns a list containing given items.</doc>
<msg timestamp="20230606 18:05:16.446" level="INFO">@{ExpectedHolidayList} = [ css=table[id='mt'] tbody td:nth-child(4) ]</msg>
<status status="PASS" starttime="20230606 18:05:16.445" endtime="20230606 18:05:16.446"/>
</kw>
<kw name="Get WebElements" library="SeleniumLibrary">
<var>${Elements}</var>
<arg>${DescriptionOfHolidayList}</arg>
<doc>Returns a list of WebElement objects matching the ``locator``.</doc>
<msg timestamp="20230606 18:05:16.460" level="INFO">${Elements} = [&lt;selenium.webdriver.remote.webelement.WebElement (session="d1ff557886b21387e481b606465dc364", element="51005FC42C6B3875F8B6A243367EB63B_element_49")&gt;, &lt;selenium.webdriver.remote.webelement.WebElement...</msg>
<status status="PASS" starttime="20230606 18:05:16.446" endtime="20230606 18:05:16.460"/>
</kw>
<kw name="Set Suite Variable" library="BuiltIn">
<arg>${Elements}</arg>
<doc>Makes a variable available everywhere within the scope of the current suite.</doc>
<msg timestamp="20230606 18:05:16.461" level="INFO">${Elements} = [&lt;selenium.webdriver.remote.webelement.WebElement (session="d1ff557886b21387e481b606465dc364", element="51005FC42C6B3875F8B6A243367EB63B_element_49")&gt;, &lt;selenium.webdriver.remote.webelement.WebElement...</msg>
<status status="PASS" starttime="20230606 18:05:16.460" endtime="20230606 18:05:16.461"/>
</kw>
<kw name="Create List" library="BuiltIn">
<var>@{HolidayList}</var>
<doc>Returns a list containing given items.</doc>
<msg timestamp="20230606 18:05:16.461" level="INFO">@{HolidayList} = [ ]</msg>
<status status="PASS" starttime="20230606 18:05:16.461" endtime="20230606 18:05:16.461"/>
</kw>
<kw name="Set Suite Variable" library="BuiltIn">
<arg>@{HolidayList}</arg>
<doc>Makes a variable available everywhere within the scope of the current suite.</doc>
<msg timestamp="20230606 18:05:16.461" level="INFO">@{HolidayList} = [ ]</msg>
<status status="PASS" starttime="20230606 18:05:16.461" endtime="20230606 18:05:16.462"/>
</kw>
<for flavor="IN">
<var>${Element}</var>
<value>@{Elements}</value>
<iter>
<var name="${Element}">&lt;selenium.webdriver.remote.webelement.WebElement (session="d1ff557886b21387e481b606465dc364", element="51005FC42C6B3875F8B6A243367EB63B_element_49")&gt;</var>
<kw name="Log" library="BuiltIn">
<arg>${Element.text}</arg>
<doc>Logs the given message with the given level.</doc>
<msg timestamp="20230606 18:05:16.476" level="INFO">New Year's Day</msg>
<status status="PASS" starttime="20230606 18:05:16.462" endtime="20230606 18:05:16.476"/>
</kw>
<kw name="Append To List" library="Collections">
<arg>${HolidayList}</arg>
<arg>${Element.text}</arg>
<doc>Adds ``values`` to the end of ``list``.</doc>
<status status="PASS" starttime="20230606 18:05:16.476" endtime="20230606 18:05:16.483"/>
</kw>
<status status="PASS" starttime="20230606 18:05:16.462" endtime="20230606 18:05:16.483"/>
</iter>
<iter>
<var name="${Element}">&lt;selenium.webdriver.remote.webelement.WebElement (session="d1ff557886b21387e481b606465dc364", element="51005FC42C6B3875F8B6A243367EB63B_element_50")&gt;</var>
<kw name="Log" library="BuiltIn">
<arg>${Element.text}</arg>
<doc>Logs the given message with the given level.</doc>
<msg timestamp="20230606 18:05:16.492" level="INFO">Bhogi</msg>
<status status="PASS" starttime="20230606 18:05:16.483" endtime="20230606 18:05:16.492"/>
</kw>
<kw name="Append To List" library="Collections">
<arg>${HolidayList}</arg>
<arg>${Element.text}</arg>
<doc>Adds ``values`` to the end of ``list``.</doc>
<status status="PASS" starttime="20230606 18:05:16.493" endtime="20230606 18:05:16.499"/>
</kw>
<status status="PASS" starttime="20230606 18:05:16.483" endtime="20230606 18:05:16.499"/>
</iter>
<iter>
<var name="${Element}">&lt;selenium.webdriver.remote.webelement.WebElement (session="d1ff557886b21387e481b606465dc364", element="51005FC42C6B3875F8B6A243367EB63B_element_51")&gt;</var>
<kw name="Log" library="BuiltIn">
<arg>${Element.text}</arg>
<doc>Logs the given message with the given level.</doc>
<msg timestamp="20230606 18:05:16.509" level="INFO">Uttarayana | Makar Sankranti</msg>
<status status="PASS" starttime="20230606 18:05:16.499" endtime="20230606 18:05:16.509"/>
</kw>
<kw name="Append To List" library="Collections">
<arg>${HolidayList}</arg>
<arg>${Element.text}</arg>
<doc>Adds ``values`` to the end of ``list``.</doc>
<status status="PASS" starttime="20230606 18:05:16.509" endtime="20230606 18:05:16.515"/>
</kw>
<status status="PASS" starttime="20230606 18:05:16.499" endtime="20230606 18:05:16.515"/>
</iter>
<iter>
<var name="${Element}">&lt;selenium.webdriver.remote.webelement.WebElement (session="d1ff557886b21387e481b606465dc364", element="51005FC42C6B3875F8B6A243367EB63B_element_52")&gt;</var>
<kw name="Log" library="BuiltIn">
<arg>${Element.text}</arg>
<doc>Logs the given message with the given level.</doc>
<msg timestamp="20230606 18:05:16.524" level="INFO">Pongal</msg>
<status status="PASS" starttime="20230606 18:05:16.515" endtime="20230606 18:05:16.524"/>
</kw>
<kw name="Append To List" library="Collections">
<arg>${HolidayList}</arg>
<arg>${Element.text}</arg>
<doc>Adds ``values`` to the end of ``list``.</doc>
<status status="PASS" starttime="20230606 18:05:16.524" endtime="20230606 18:05:16.530"/>
</kw>
<status status="PASS" starttime="20230606 18:05:16.515" endtime="20230606 18:05:16.530"/>
</iter>
<iter>
<var name="${Element}">&lt;selenium.webdriver.remote.webelement.WebElement (session="d1ff557886b21387e481b606465dc364", element="51005FC42C6B3875F8B6A243367EB63B_element_53")&gt;</var>
<kw name="Log" library="BuiltIn">
<arg>${Element.text}</arg>
<doc>Logs the given message with the given level.</doc>
<msg timestamp="20230606 18:05:16.537" level="INFO">Republic Day</msg>
<status status="PASS" starttime="20230606 18:05:16.530" endtime="20230606 18:05:16.537"/>
</kw>
<kw name="Append To List" library="Collections">
<arg>${HolidayList}</arg>
<arg>${Element.text}</arg>
<doc>Adds ``values`` to the end of ``list``.</doc>
<status status="PASS" starttime="20230606 18:05:16.538" endtime="20230606 18:05:16.543"/>
</kw>
<status status="PASS" starttime="20230606 18:05:16.530" endtime="20230606 18:05:16.543"/>
</iter>
<iter>
<var name="${Element}">&lt;selenium.webdriver.remote.webelement.WebElement (session="d1ff557886b21387e481b606465dc364", element="51005FC42C6B3875F8B6A243367EB63B_element_54")&gt;</var>
<kw name="Log" library="BuiltIn">
<arg>${Element.text}</arg>
<doc>Logs the given message with the given level.</doc>
<msg timestamp="20230606 18:05:16.549" level="INFO">Maha Shivaratri</msg>
<status status="PASS" starttime="20230606 18:05:16.543" endtime="20230606 18:05:16.549"/>
</kw>
<kw name="Append To List" library="Collections">
<arg>${HolidayList}</arg>
<arg>${Element.text}</arg>
<doc>Adds ``values`` to the end of ``list``.</doc>
<status status="PASS" starttime="20230606 18:05:16.549" endtime="20230606 18:05:16.555"/>
</kw>
<status status="PASS" starttime="20230606 18:05:16.543" endtime="20230606 18:05:16.555"/>
</iter>
<iter>
<var name="${Element}">&lt;selenium.webdriver.remote.webelement.WebElement (session="d1ff557886b21387e481b606465dc364", element="51005FC42C6B3875F8B6A243367EB63B_element_55")&gt;</var>
<kw name="Log" library="BuiltIn">
<arg>${Element.text}</arg>
<doc>Logs the given message with the given level.</doc>
<msg timestamp="20230606 18:05:16.560" level="INFO">Holi</msg>
<status status="PASS" starttime="20230606 18:05:16.555" endtime="20230606 18:05:16.560"/>
</kw>
<kw name="Append To List" library="Collections">
<arg>${HolidayList}</arg>
<arg>${Element.text}</arg>
<doc>Adds ``values`` to the end of ``list``.</doc>
<status status="PASS" starttime="20230606 18:05:16.560" endtime="20230606 18:05:16.570"/>
</kw>
<status status="PASS" starttime="20230606 18:05:16.555" endtime="20230606 18:05:16.570"/>
</iter>
<iter>
<var name="${Element}">&lt;selenium.webdriver.remote.webelement.WebElement (session="d1ff557886b21387e481b606465dc364", element="51005FC42C6B3875F8B6A243367EB63B_element_56")&gt;</var>
<kw name="Log" library="BuiltIn">
<arg>${Element.text}</arg>
<doc>Logs the given message with the given level.</doc>
<msg timestamp="20230606 18:05:16.578" level="INFO">Gudi Parwa</msg>
<status status="PASS" starttime="20230606 18:05:16.570" endtime="20230606 18:05:16.578"/>
</kw>
<kw name="Append To List" library="Collections">
<arg>${HolidayList}</arg>
<arg>${Element.text}</arg>
<doc>Adds ``values`` to the end of ``list``.</doc>
<status status="PASS" starttime="20230606 18:05:16.578" endtime="20230606 18:05:16.588"/>
</kw>
<status status="PASS" starttime="20230606 18:05:16.570" endtime="20230606 18:05:16.588"/>
</iter>
<iter>
<var name="${Element}">&lt;selenium.webdriver.remote.webelement.WebElement (session="d1ff557886b21387e481b606465dc364", element="51005FC42C6B3875F8B6A243367EB63B_element_57")&gt;</var>
<kw name="Log" library="BuiltIn">
<arg>${Element.text}</arg>
<doc>Logs the given message with the given level.</doc>
<msg timestamp="20230606 18:05:16.595" level="INFO">Ram Navami</msg>
<status status="PASS" starttime="20230606 18:05:16.588" endtime="20230606 18:05:16.596"/>
</kw>
<kw name="Append To List" library="Collections">
<arg>${HolidayList}</arg>
<arg>${Element.text}</arg>
<doc>Adds ``values`` to the end of ``list``.</doc>
<status status="PASS" starttime="20230606 18:05:16.596" endtime="20230606 18:05:16.604"/>
</kw>
<status status="PASS" starttime="20230606 18:05:16.588" endtime="20230606 18:05:16.604"/>
</iter>
<iter>
<var name="${Element}">&lt;selenium.webdriver.remote.webelement.WebElement (session="d1ff557886b21387e481b606465dc364", element="51005FC42C6B3875F8B6A243367EB63B_element_58")&gt;</var>
<kw name="Log" library="BuiltIn">
<arg>${Element.text}</arg>
<doc>Logs the given message with the given level.</doc>
<msg timestamp="20230606 18:05:16.604" level="INFO">Ugadi</msg>
<status status="PASS" starttime="20230606 18:05:16.604" endtime="20230606 18:05:16.604"/>
</kw>
<kw name="Append To List" library="Collections">
<arg>${HolidayList}</arg>
<arg>${Element.text}</arg>
<doc>Adds ``values`` to the end of ``list``.</doc>
<status status="PASS" starttime="20230606 18:05:16.604" endtime="20230606 18:05:16.622"/>
</kw>
<status status="PASS" starttime="20230606 18:05:16.604" endtime="20230606 18:05:16.622"/>
</iter>
<iter>
<var name="${Element}">&lt;selenium.webdriver.remote.webelement.WebElement (session="d1ff557886b21387e481b606465dc364", element="51005FC42C6B3875F8B6A243367EB63B_element_59")&gt;</var>
<kw name="Log" library="BuiltIn">
<arg>${Element.text}</arg>
<doc>Logs the given message with the given level.</doc>
<msg timestamp="20230606 18:05:16.630" level="INFO"/>
<status status="PASS" starttime="20230606 18:05:16.622" endtime="20230606 18:05:16.630"/>
</kw>
<kw name="Append To List" library="Collections">
<arg>${HolidayList}</arg>
<arg>${Element.text}</arg>
<doc>Adds ``values`` to the end of ``list``.</doc>
<status status="PASS" starttime="20230606 18:05:16.630" endtime="20230606 18:05:16.635"/>
</kw>
<status status="PASS" starttime="20230606 18:05:16.622" endtime="20230606 18:05:16.635"/>
</iter>
<iter>
<var name="${Element}">&lt;selenium.webdriver.remote.webelement.WebElement (session="d1ff557886b21387e481b606465dc364", element="51005FC42C6B3875F8B6A243367EB63B_element_60")&gt;</var>
<kw name="Log" library="BuiltIn">
<arg>${Element.text}</arg>
<doc>Logs the given message with the given level.</doc>
<msg timestamp="20230606 18:05:16.642" level="INFO"/>
<status status="PASS" starttime="20230606 18:05:16.635" endtime="20230606 18:05:16.642"/>
</kw>
<kw name="Append To List" library="Collections">
<arg>${HolidayList}</arg>
<arg>${Element.text}</arg>
<doc>Adds ``values`` to the end of ``list``.</doc>
<status status="PASS" starttime="20230606 18:05:16.642" endtime="20230606 18:05:16.648"/>
</kw>
<status status="PASS" starttime="20230606 18:05:16.635" endtime="20230606 18:05:16.648"/>
</iter>
<iter>
<var name="${Element}">&lt;selenium.webdriver.remote.webelement.WebElement (session="d1ff557886b21387e481b606465dc364", element="51005FC42C6B3875F8B6A243367EB63B_element_61")&gt;</var>
<kw name="Log" library="BuiltIn">
<arg>${Element.text}</arg>
<doc>Logs the given message with the given level.</doc>
<msg timestamp="20230606 18:05:16.657" level="INFO"/>
<status status="PASS" starttime="20230606 18:05:16.648" endtime="20230606 18:05:16.657"/>
</kw>
<kw name="Append To List" library="Collections">
<arg>${HolidayList}</arg>
<arg>${Element.text}</arg>
<doc>Adds ``values`` to the end of ``list``.</doc>
<status status="PASS" starttime="20230606 18:05:16.657" endtime="20230606 18:05:16.657"/>
</kw>
<status status="PASS" starttime="20230606 18:05:16.648" endtime="20230606 18:05:16.657"/>
</iter>
<iter>
<var name="${Element}">&lt;selenium.webdriver.remote.webelement.WebElement (session="d1ff557886b21387e481b606465dc364", element="51005FC42C6B3875F8B6A243367EB63B_element_62")&gt;</var>
<kw name="Log" library="BuiltIn">
<arg>${Element.text}</arg>
<doc>Logs the given message with the given level.</doc>
<msg timestamp="20230606 18:05:16.657" level="INFO"/>
<status status="PASS" starttime="20230606 18:05:16.657" endtime="20230606 18:05:16.657"/>
</kw>
<kw name="Append To List" library="Collections">
<arg>${HolidayList}</arg>
<arg>${Element.text}</arg>
<doc>Adds ``values`` to the end of ``list``.</doc>
<status status="PASS" starttime="20230606 18:05:16.657" endtime="20230606 18:05:16.670"/>
</kw>
<status status="PASS" starttime="20230606 18:05:16.657" endtime="20230606 18:05:16.670"/>
</iter>
<iter>
<var name="${Element}">&lt;selenium.webdriver.remote.webelement.WebElement (session="d1ff557886b21387e481b606465dc364", element="51005FC42C6B3875F8B6A243367EB63B_element_63")&gt;</var>
<kw name="Log" library="BuiltIn">
<arg>${Element.text}</arg>
<doc>Logs the given message with the given level.</doc>
<msg timestamp="20230606 18:05:16.670" level="INFO"/>
<status status="PASS" starttime="20230606 18:05:16.670" endtime="20230606 18:05:16.670"/>
</kw>
<kw name="Append To List" library="Collections">
<arg>${HolidayList}</arg>
<arg>${Element.text}</arg>
<doc>Adds ``values`` to the end of ``list``.</doc>
<status status="PASS" starttime="20230606 18:05:16.670" endtime="20230606 18:05:16.685"/>
</kw>
<status status="PASS" starttime="20230606 18:05:16.670" endtime="20230606 18:05:16.685"/>
</iter>
<iter>
<var name="${Element}">&lt;selenium.webdriver.remote.webelement.WebElement (session="d1ff557886b21387e481b606465dc364", element="51005FC42C6B3875F8B6A243367EB63B_element_64")&gt;</var>
<kw name="Log" library="BuiltIn">
<arg>${Element.text}</arg>
<doc>Logs the given message with the given level.</doc>
<msg timestamp="20230606 18:05:16.692" level="INFO"/>
<status status="PASS" starttime="20230606 18:05:16.686" endtime="20230606 18:05:16.692"/>
</kw>
<kw name="Append To List" library="Collections">
<arg>${HolidayList}</arg>
<arg>${Element.text}</arg>
<doc>Adds ``values`` to the end of ``list``.</doc>
<status status="PASS" starttime="20230606 18:05:16.692" endtime="20230606 18:05:16.699"/>
</kw>
<status status="PASS" starttime="20230606 18:05:16.685" endtime="20230606 18:05:16.699"/>
</iter>
<iter>
<var name="${Element}">&lt;selenium.webdriver.remote.webelement.WebElement (session="d1ff557886b21387e481b606465dc364", element="51005FC42C6B3875F8B6A243367EB63B_element_65")&gt;</var>
<kw name="Log" library="BuiltIn">
<arg>${Element.text}</arg>
<doc>Logs the given message with the given level.</doc>
<msg timestamp="20230606 18:05:16.709" level="INFO"/>
<status status="PASS" starttime="20230606 18:05:16.699" endtime="20230606 18:05:16.709"/>
</kw>
<kw name="Append To List" library="Collections">
<arg>${HolidayList}</arg>
<arg>${Element.text}</arg>
<doc>Adds ``values`` to the end of ``list``.</doc>
<status status="PASS" starttime="20230606 18:05:16.709" endtime="20230606 18:05:16.709"/>
</kw>
<status status="PASS" starttime="20230606 18:05:16.699" endtime="20230606 18:05:16.709"/>
</iter>
<iter>
<var name="${Element}">&lt;selenium.webdriver.remote.webelement.WebElement (session="d1ff557886b21387e481b606465dc364", element="51005FC42C6B3875F8B6A243367EB63B_element_66")&gt;</var>
<kw name="Log" library="BuiltIn">
<arg>${Element.text}</arg>
<doc>Logs the given message with the given level.</doc>
<msg timestamp="20230606 18:05:16.720" level="INFO"/>
<status status="PASS" starttime="20230606 18:05:16.709" endtime="20230606 18:05:16.720"/>
</kw>
<kw name="Append To List" library="Collections">
<arg>${HolidayList}</arg>
<arg>${Element.text}</arg>
<doc>Adds ``values`` to the end of ``list``.</doc>
<status status="PASS" starttime="20230606 18:05:16.720" endtime="20230606 18:05:16.725"/>
</kw>
<status status="PASS" starttime="20230606 18:05:16.709" endtime="20230606 18:05:16.725"/>
</iter>
<iter>
<var name="${Element}">&lt;selenium.webdriver.remote.webelement.WebElement (session="d1ff557886b21387e481b606465dc364", element="51005FC42C6B3875F8B6A243367EB63B_element_67")&gt;</var>
<kw name="Log" library="BuiltIn">
<arg>${Element.text}</arg>
<doc>Logs the given message with the given level.</doc>
<msg timestamp="20230606 18:05:16.730" level="INFO"/>
<status status="PASS" starttime="20230606 18:05:16.725" endtime="20230606 18:05:16.730"/>
</kw>
<kw name="Append To List" library="Collections">
<arg>${HolidayList}</arg>
<arg>${Element.text}</arg>
<doc>Adds ``values`` to the end of ``list``.</doc>
<status status="PASS" starttime="20230606 18:05:16.731" endtime="20230606 18:05:16.737"/>
</kw>
<status status="PASS" starttime="20230606 18:05:16.725" endtime="20230606 18:05:16.737"/>
</iter>
<iter>
<var name="${Element}">&lt;selenium.webdriver.remote.webelement.WebElement (session="d1ff557886b21387e481b606465dc364", element="51005FC42C6B3875F8B6A243367EB63B_element_68")&gt;</var>
<kw name="Log" library="BuiltIn">
<arg>${Element.text}</arg>
<doc>Logs the given message with the given level.</doc>
<msg timestamp="20230606 18:05:16.744" level="INFO"/>
<status status="PASS" starttime="20230606 18:05:16.737" endtime="20230606 18:05:16.744"/>
</kw>
<kw name="Append To List" library="Collections">
<arg>${HolidayList}</arg>
<arg>${Element.text}</arg>
<doc>Adds ``values`` to the end of ``list``.</doc>
<status status="PASS" starttime="20230606 18:05:16.744" endtime="20230606 18:05:16.750"/>
</kw>
<status status="PASS" starttime="20230606 18:05:16.737" endtime="20230606 18:05:16.750"/>
</iter>
<iter>
<var name="${Element}">&lt;selenium.webdriver.remote.webelement.WebElement (session="d1ff557886b21387e481b606465dc364", element="51005FC42C6B3875F8B6A243367EB63B_element_69")&gt;</var>
<kw name="Log" library="BuiltIn">
<arg>${Element.text}</arg>
<doc>Logs the given message with the given level.</doc>
<msg timestamp="20230606 18:05:16.756" level="INFO"/>
<status status="PASS" starttime="20230606 18:05:16.750" endtime="20230606 18:05:16.756"/>
</kw>
<kw name="Append To List" library="Collections">
<arg>${HolidayList}</arg>
<arg>${Element.text}</arg>
<doc>Adds ``values`` to the end of ``list``.</doc>
<status status="PASS" starttime="20230606 18:05:16.756" endtime="20230606 18:05:16.756"/>
</kw>
<status status="PASS" starttime="20230606 18:05:16.750" endtime="20230606 18:05:16.756"/>
</iter>
<iter>
<var name="${Element}">&lt;selenium.webdriver.remote.webelement.WebElement (session="d1ff557886b21387e481b606465dc364", element="51005FC42C6B3875F8B6A243367EB63B_element_70")&gt;</var>
<kw name="Log" library="BuiltIn">
<arg>${Element.text}</arg>
<doc>Logs the given message with the given level.</doc>
<msg timestamp="20230606 18:05:16.767" level="INFO"/>
<status status="PASS" starttime="20230606 18:05:16.756" endtime="20230606 18:05:16.767"/>
</kw>
<kw name="Append To List" library="Collections">
<arg>${HolidayList}</arg>
<arg>${Element.text}</arg>
<doc>Adds ``values`` to the end of ``list``.</doc>
<status status="PASS" starttime="20230606 18:05:16.767" endtime="20230606 18:05:16.773"/>
</kw>
<status status="PASS" starttime="20230606 18:05:16.756" endtime="20230606 18:05:16.773"/>
</iter>
<iter>
<var name="${Element}">&lt;selenium.webdriver.remote.webelement.WebElement (session="d1ff557886b21387e481b606465dc364", element="51005FC42C6B3875F8B6A243367EB63B_element_71")&gt;</var>
<kw name="Log" library="BuiltIn">
<arg>${Element.text}</arg>
<doc>Logs the given message with the given level.</doc>
<msg timestamp="20230606 18:05:16.779" level="INFO"/>
<status status="PASS" starttime="20230606 18:05:16.773" endtime="20230606 18:05:16.779"/>
</kw>
<kw name="Append To List" library="Collections">
<arg>${HolidayList}</arg>
<arg>${Element.text}</arg>
<doc>Adds ``values`` to the end of ``list``.</doc>
<status status="PASS" starttime="20230606 18:05:16.779" endtime="20230606 18:05:16.782"/>
</kw>
<status status="PASS" starttime="20230606 18:05:16.773" endtime="20230606 18:05:16.782"/>
</iter>
<iter>
<var name="${Element}">&lt;selenium.webdriver.remote.webelement.WebElement (session="d1ff557886b21387e481b606465dc364", element="51005FC42C6B3875F8B6A243367EB63B_element_72")&gt;</var>
<kw name="Log" library="BuiltIn">
<arg>${Element.text}</arg>
<doc>Logs the given message with the given level.</doc>
<msg timestamp="20230606 18:05:16.782" level="INFO"/>
<status status="PASS" starttime="20230606 18:05:16.782" endtime="20230606 18:05:16.782"/>
</kw>
<kw name="Append To List" library="Collections">
<arg>${HolidayList}</arg>
<arg>${Element.text}</arg>
<doc>Adds ``values`` to the end of ``list``.</doc>
<status status="PASS" starttime="20230606 18:05:16.782" endtime="20230606 18:05:16.782"/>
</kw>
<status status="PASS" starttime="20230606 18:05:16.782" endtime="20230606 18:05:16.782"/>
</iter>
<iter>
<var name="${Element}">&lt;selenium.webdriver.remote.webelement.WebElement (session="d1ff557886b21387e481b606465dc364", element="51005FC42C6B3875F8B6A243367EB63B_element_73")&gt;</var>
<kw name="Log" library="BuiltIn">
<arg>${Element.text}</arg>
<doc>Logs the given message with the given level.</doc>
<msg timestamp="20230606 18:05:16.807" level="INFO"/>
<status status="PASS" starttime="20230606 18:05:16.782" endtime="20230606 18:05:16.807"/>
</kw>
<kw name="Append To List" library="Collections">
<arg>${HolidayList}</arg>
<arg>${Element.text}</arg>
<doc>Adds ``values`` to the end of ``list``.</doc>
<status status="PASS" starttime="20230606 18:05:16.807" endtime="20230606 18:05:16.828"/>
</kw>
<status status="PASS" starttime="20230606 18:05:16.782" endtime="20230606 18:05:16.828"/>
</iter>
<iter>
<var name="${Element}">&lt;selenium.webdriver.remote.webelement.WebElement (session="d1ff557886b21387e481b606465dc364", element="51005FC42C6B3875F8B6A243367EB63B_element_74")&gt;</var>
<kw name="Log" library="BuiltIn">
<arg>${Element.text}</arg>
<doc>Logs the given message with the given level.</doc>
<msg timestamp="20230606 18:05:16.839" level="INFO"/>
<status status="PASS" starttime="20230606 18:05:16.828" endtime="20230606 18:05:16.839"/>
</kw>
<kw name="Append To List" library="Collections">
<arg>${HolidayList}</arg>
<arg>${Element.text}</arg>
<doc>Adds ``values`` to the end of ``list``.</doc>
<status status="PASS" starttime="20230606 18:05:16.839" endtime="20230606 18:05:16.839"/>
</kw>
<status status="PASS" starttime="20230606 18:05:16.828" endtime="20230606 18:05:16.839"/>
</iter>
<iter>
<var name="${Element}">&lt;selenium.webdriver.remote.webelement.WebElement (session="d1ff557886b21387e481b606465dc364", element="51005FC42C6B3875F8B6A243367EB63B_element_75")&gt;</var>
<kw name="Log" library="BuiltIn">
<arg>${Element.text}</arg>
<doc>Logs the given message with the given level.</doc>
<msg timestamp="20230606 18:05:16.855" level="INFO"/>
<status status="PASS" starttime="20230606 18:05:16.839" endtime="20230606 18:05:16.855"/>
</kw>
<kw name="Append To List" library="Collections">
<arg>${HolidayList}</arg>
<arg>${Element.text}</arg>
<doc>Adds ``values`` to the end of ``list``.</doc>
<status status="PASS" starttime="20230606 18:05:16.855" endtime="20230606 18:05:16.871"/>
</kw>
<status status="PASS" starttime="20230606 18:05:16.839" endtime="20230606 18:05:16.871"/>
</iter>
<iter>
<var name="${Element}">&lt;selenium.webdriver.remote.webelement.WebElement (session="d1ff557886b21387e481b606465dc364", element="51005FC42C6B3875F8B6A243367EB63B_element_76")&gt;</var>
<kw name="Log" library="BuiltIn">
<arg>${Element.text}</arg>
<doc>Logs the given message with the given level.</doc>
<msg timestamp="20230606 18:05:16.887" level="INFO"/>
<status status="PASS" starttime="20230606 18:05:16.871" endtime="20230606 18:05:16.887"/>
</kw>
<kw name="Append To List" library="Collections">
<arg>${HolidayList}</arg>
<arg>${Element.text}</arg>
<doc>Adds ``values`` to the end of ``list``.</doc>
<status status="PASS" starttime="20230606 18:05:16.887" endtime="20230606 18:05:16.902"/>
</kw>
<status status="PASS" starttime="20230606 18:05:16.871" endtime="20230606 18:05:16.902"/>
</iter>
<iter>
<var name="${Element}">&lt;selenium.webdriver.remote.webelement.WebElement (session="d1ff557886b21387e481b606465dc364", element="51005FC42C6B3875F8B6A243367EB63B_element_77")&gt;</var>
<kw name="Log" library="BuiltIn">
<arg>${Element.text}</arg>
<doc>Logs the given message with the given level.</doc>
<msg timestamp="20230606 18:05:16.918" level="INFO"/>
<status status="PASS" starttime="20230606 18:05:16.902" endtime="20230606 18:05:16.918"/>
</kw>
<kw name="Append To List" library="Collections">
<arg>${HolidayList}</arg>
<arg>${Element.text}</arg>
<doc>Adds ``values`` to the end of ``list``.</doc>
<status status="PASS" starttime="20230606 18:05:16.918" endtime="20230606 18:05:16.940"/>
</kw>
<status status="PASS" starttime="20230606 18:05:16.902" endtime="20230606 18:05:16.940"/>
</iter>
<iter>
<var name="${Element}">&lt;selenium.webdriver.remote.webelement.WebElement (session="d1ff557886b21387e481b606465dc364", element="51005FC42C6B3875F8B6A243367EB63B_element_78")&gt;</var>
<kw name="Log" library="BuiltIn">
<arg>${Element.text}</arg>
<doc>Logs the given message with the given level.</doc>
<msg timestamp="20230606 18:05:16.948" level="INFO"/>
<status status="PASS" starttime="20230606 18:05:16.940" endtime="20230606 18:05:16.948"/>
</kw>
<kw name="Append To List" library="Collections">
<arg>${HolidayList}</arg>
<arg>${Element.text}</arg>
<doc>Adds ``values`` to the end of ``list``.</doc>
<status status="PASS" starttime="20230606 18:05:16.948" endtime="20230606 18:05:16.963"/>
</kw>
<status status="PASS" starttime="20230606 18:05:16.940" endtime="20230606 18:05:16.963"/>
</iter>
<iter>
<var name="${Element}">&lt;selenium.webdriver.remote.webelement.WebElement (session="d1ff557886b21387e481b606465dc364", element="51005FC42C6B3875F8B6A243367EB63B_element_79")&gt;</var>
<kw name="Log" library="BuiltIn">
<arg>${Element.text}</arg>
<doc>Logs the given message with the given level.</doc>
<msg timestamp="20230606 18:05:16.969" level="INFO"/>
<status status="PASS" starttime="20230606 18:05:16.963" endtime="20230606 18:05:16.969"/>
</kw>
<kw name="Append To List" library="Collections">
<arg>${HolidayList}</arg>
<arg>${Element.text}</arg>
<doc>Adds ``values`` to the end of ``list``.</doc>
<status status="PASS" starttime="20230606 18:05:16.969" endtime="20230606 18:05:16.985"/>
</kw>
<status status="PASS" starttime="20230606 18:05:16.963" endtime="20230606 18:05:16.985"/>
</iter>
<status status="PASS" starttime="20230606 18:05:16.462" endtime="20230606 18:05:16.985"/>
</for>
<kw name="Get WebElements" library="SeleniumLibrary">
<var>${Pagination}</var>
<arg>${ClickPagination}</arg>
<doc>Returns a list of WebElement objects matching the ``locator``.</doc>
<msg timestamp="20230606 18:05:17.001" level="INFO">${Pagination} = [&lt;selenium.webdriver.remote.webelement.WebElement (session="d1ff557886b21387e481b606465dc364", element="51005FC42C6B3875F8B6A243367EB63B_element_80")&gt;, &lt;selenium.webdriver.remote.webelement.WebElement...</msg>
<status status="PASS" starttime="20230606 18:05:16.985" endtime="20230606 18:05:17.001"/>
</kw>
<kw name="Get Length" library="BuiltIn">
<var>${LengthPagination}</var>
<arg>${Pagination}</arg>
<doc>Returns and logs the length of the given item as an integer.</doc>
<msg timestamp="20230606 18:05:17.001" level="INFO">Length is 4</msg>
<msg timestamp="20230606 18:05:17.001" level="INFO">${LengthPagination} = 4</msg>
<status status="PASS" starttime="20230606 18:05:17.001" endtime="20230606 18:05:17.001"/>
</kw>
<for flavor="IN RANGE">
<var>${i}</var>
<value>1</value>
<value>${LengthPagination+1}</value>
<iter>
<var name="${i}">1</var>
<kw name="Click Element" library="SeleniumLibrary">
<arg>(${DynamicPagination})[${i}]</arg>
<doc>Click the element identified by ``locator``.</doc>
<msg timestamp="20230606 18:05:17.001" level="INFO">Clicking element '(//a[@class='green normal'])[1]'.</msg>
<status status="PASS" starttime="20230606 18:05:17.001" endtime="20230606 18:05:17.068"/>
</kw>
<for flavor="IN">
<var>${Element}</var>
<value>@{Elements}</value>
<iter>
<var name="${Element}">&lt;selenium.webdriver.remote.webelement.WebElement (session="d1ff557886b21387e481b606465dc364", element="51005FC42C6B3875F8B6A243367EB63B_element_49")&gt;</var>
<kw name="Log" library="BuiltIn">
<arg>${Element.text}</arg>
<doc>Logs the given message with the given level.</doc>
<msg timestamp="20230606 18:05:17.082" level="INFO">New Year's Day</msg>
<status status="PASS" starttime="20230606 18:05:17.068" endtime="20230606 18:05:17.082"/>
</kw>
<kw name="Append To List" library="Collections">
<arg>${HolidayList}</arg>
<arg>${Element.text}</arg>
<doc>Adds ``values`` to the end of ``list``.</doc>
<status status="PASS" starttime="20230606 18:05:17.082" endtime="20230606 18:05:17.093"/>
</kw>
<status status="PASS" starttime="20230606 18:05:17.068" endtime="20230606 18:05:17.093"/>
</iter>
<iter>
<var name="${Element}">&lt;selenium.webdriver.remote.webelement.WebElement (session="d1ff557886b21387e481b606465dc364", element="51005FC42C6B3875F8B6A243367EB63B_element_50")&gt;</var>
<kw name="Log" library="BuiltIn">
<arg>${Element.text}</arg>
<doc>Logs the given message with the given level.</doc>
<msg timestamp="20230606 18:05:17.104" level="INFO">Bhogi</msg>
<status status="PASS" starttime="20230606 18:05:17.093" endtime="20230606 18:05:17.104"/>
</kw>
<kw name="Append To List" library="Collections">
<arg>${HolidayList}</arg>
<arg>${Element.text}</arg>
<doc>Adds ``values`` to the end of ``list``.</doc>
<status status="PASS" starttime="20230606 18:05:17.104" endtime="20230606 18:05:17.113"/>
</kw>
<status status="PASS" starttime="20230606 18:05:17.093" endtime="20230606 18:05:17.113"/>
</iter>
<iter>
<var name="${Element}">&lt;selenium.webdriver.remote.webelement.WebElement (session="d1ff557886b21387e481b606465dc364", element="51005FC42C6B3875F8B6A243367EB63B_element_51")&gt;</var>
<kw name="Log" library="BuiltIn">
<arg>${Element.text}</arg>
<doc>Logs the given message with the given level.</doc>
<msg timestamp="20230606 18:05:17.121" level="INFO">Uttarayana | Makar Sankranti</msg>
<status status="PASS" starttime="20230606 18:05:17.113" endtime="20230606 18:05:17.121"/>
</kw>
<kw name="Append To List" library="Collections">
<arg>${HolidayList}</arg>
<arg>${Element.text}</arg>
<doc>Adds ``values`` to the end of ``list``.</doc>
<status status="PASS" starttime="20230606 18:05:17.121" endtime="20230606 18:05:17.129"/>
</kw>
<status status="PASS" starttime="20230606 18:05:17.113" endtime="20230606 18:05:17.129"/>
</iter>
<iter>
<var name="${Element}">&lt;selenium.webdriver.remote.webelement.WebElement (session="d1ff557886b21387e481b606465dc364", element="51005FC42C6B3875F8B6A243367EB63B_element_52")&gt;</var>
<kw name="Log" library="BuiltIn">
<arg>${Element.text}</arg>
<doc>Logs the given message with the given level.</doc>
<msg timestamp="20230606 18:05:17.140" level="INFO">Pongal</msg>
<status status="PASS" starttime="20230606 18:05:17.129" endtime="20230606 18:05:17.140"/>
</kw>
<kw name="Append To List" library="Collections">
<arg>${HolidayList}</arg>
<arg>${Element.text}</arg>
<doc>Adds ``values`` to the end of ``list``.</doc>
<status status="PASS" starttime="20230606 18:05:17.140" endtime="20230606 18:05:17.147"/>
</kw>
<status status="PASS" starttime="20230606 18:05:17.129" endtime="20230606 18:05:17.147"/>
</iter>
<iter>
<var name="${Element}">&lt;selenium.webdriver.remote.webelement.WebElement (session="d1ff557886b21387e481b606465dc364", element="51005FC42C6B3875F8B6A243367EB63B_element_53")&gt;</var>
<kw name="Log" library="BuiltIn">
<arg>${Element.text}</arg>
<doc>Logs the given message with the given level.</doc>
<msg timestamp="20230606 18:05:17.154" level="INFO">Republic Day</msg>
<status status="PASS" starttime="20230606 18:05:17.147" endtime="20230606 18:05:17.154"/>
</kw>
<kw name="Append To List" library="Collections">
<arg>${HolidayList}</arg>
<arg>${Element.text}</arg>
<doc>Adds ``values`` to the end of ``list``.</doc>
<status status="PASS" starttime="20230606 18:05:17.154" endtime="20230606 18:05:17.161"/>
</kw>
<status status="PASS" starttime="20230606 18:05:17.147" endtime="20230606 18:05:17.161"/>
</iter>
<iter>
<var name="${Element}">&lt;selenium.webdriver.remote.webelement.WebElement (session="d1ff557886b21387e481b606465dc364", element="51005FC42C6B3875F8B6A243367EB63B_element_54")&gt;</var>
<kw name="Log" library="BuiltIn">
<arg>${Element.text}</arg>
<doc>Logs the given message with the given level.</doc>
<msg timestamp="20230606 18:05:17.168" level="INFO">Maha Shivaratri</msg>
<status status="PASS" starttime="20230606 18:05:17.161" endtime="20230606 18:05:17.168"/>
</kw>
<kw name="Append To List" library="Collections">
<arg>${HolidayList}</arg>
<arg>${Element.text}</arg>
<doc>Adds ``values`` to the end of ``list``.</doc>
<status status="PASS" starttime="20230606 18:05:17.168" endtime="20230606 18:05:17.174"/>
</kw>
<status status="PASS" starttime="20230606 18:05:17.161" endtime="20230606 18:05:17.174"/>
</iter>
<iter>
<var name="${Element}">&lt;selenium.webdriver.remote.webelement.WebElement (session="d1ff557886b21387e481b606465dc364", element="51005FC42C6B3875F8B6A243367EB63B_element_55")&gt;</var>
<kw name="Log" library="BuiltIn">
<arg>${Element.text}</arg>
<doc>Logs the given message with the given level.</doc>
<msg timestamp="20230606 18:05:17.183" level="INFO">Holi</msg>
<status status="PASS" starttime="20230606 18:05:17.174" endtime="20230606 18:05:17.183"/>
</kw>
<kw name="Append To List" library="Collections">
<arg>${HolidayList}</arg>
<arg>${Element.text}</arg>
<doc>Adds ``values`` to the end of ``list``.</doc>
<status status="PASS" starttime="20230606 18:05:17.183" endtime="20230606 18:05:17.190"/>
</kw>
<status status="PASS" starttime="20230606 18:05:17.174" endtime="20230606 18:05:17.190"/>
</iter>
<iter>
<var name="${Element}">&lt;selenium.webdriver.remote.webelement.WebElement (session="d1ff557886b21387e481b606465dc364", element="51005FC42C6B3875F8B6A243367EB63B_element_56")&gt;</var>
<kw name="Log" library="BuiltIn">
<arg>${Element.text}</arg>
<doc>Logs the given message with the given level.</doc>
<msg timestamp="20230606 18:05:17.196" level="INFO">Gudi Parwa</msg>
<status status="PASS" starttime="20230606 18:05:17.190" endtime="20230606 18:05:17.196"/>
</kw>
<kw name="Append To List" library="Collections">
<arg>${HolidayList}</arg>
<arg>${Element.text}</arg>
<doc>Adds ``values`` to the end of ``list``.</doc>
<status status="PASS" starttime="20230606 18:05:17.196" endtime="20230606 18:05:17.202"/>
</kw>
<status status="PASS" starttime="20230606 18:05:17.190" endtime="20230606 18:05:17.202"/>
</iter>
<iter>
<var name="${Element}">&lt;selenium.webdriver.remote.webelement.WebElement (session="d1ff557886b21387e481b606465dc364", element="51005FC42C6B3875F8B6A243367EB63B_element_57")&gt;</var>
<kw name="Log" library="BuiltIn">
<arg>${Element.text}</arg>
<doc>Logs the given message with the given level.</doc>
<msg timestamp="20230606 18:05:17.213" level="INFO">Ram Navami</msg>
<status status="PASS" starttime="20230606 18:05:17.203" endtime="20230606 18:05:17.213"/>
</kw>
<kw name="Append To List" library="Collections">
<arg>${HolidayList}</arg>
<arg>${Element.text}</arg>
<doc>Adds ``values`` to the end of ``list``.</doc>
<status status="PASS" starttime="20230606 18:05:17.213" endtime="20230606 18:05:17.219"/>
</kw>
<status status="PASS" starttime="20230606 18:05:17.202" endtime="20230606 18:05:17.219"/>
</iter>
<iter>
<var name="${Element}">&lt;selenium.webdriver.remote.webelement.WebElement (session="d1ff557886b21387e481b606465dc364", element="51005FC42C6B3875F8B6A243367EB63B_element_58")&gt;</var>
<kw name="Log" library="BuiltIn">
<arg>${Element.text}</arg>
<doc>Logs the given message with the given level.</doc>
<msg timestamp="20230606 18:05:17.226" level="INFO">Ugadi</msg>
<status status="PASS" starttime="20230606 18:05:17.220" endtime="20230606 18:05:17.226"/>
</kw>
<kw name="Append To List" library="Collections">
<arg>${HolidayList}</arg>
<arg>${Element.text}</arg>
<doc>Adds ``values`` to the end of ``list``.</doc>
<status status="PASS" starttime="20230606 18:05:17.226" endtime="20230606 18:05:17.232"/>
</kw>
<status status="PASS" starttime="20230606 18:05:17.219" endtime="20230606 18:05:17.232"/>
</iter>
<iter>
<var name="${Element}">&lt;selenium.webdriver.remote.webelement.WebElement (session="d1ff557886b21387e481b606465dc364", element="51005FC42C6B3875F8B6A243367EB63B_element_59")&gt;</var>
<kw name="Log" library="BuiltIn">
<arg>${Element.text}</arg>
<doc>Logs the given message with the given level.</doc>
<msg timestamp="20230606 18:05:17.241" level="INFO"/>
<status status="PASS" starttime="20230606 18:05:17.233" endtime="20230606 18:05:17.241"/>
</kw>
<kw name="Append To List" library="Collections">
<arg>${HolidayList}</arg>
<arg>${Element.text}</arg>
<doc>Adds ``values`` to the end of ``list``.</doc>
<status status="PASS" starttime="20230606 18:05:17.241" endtime="20230606 18:05:17.252"/>
</kw>
<status status="PASS" starttime="20230606 18:05:17.233" endtime="20230606 18:05:17.252"/>
</iter>
<iter>
<var name="${Element}">&lt;selenium.webdriver.remote.webelement.WebElement (session="d1ff557886b21387e481b606465dc364", element="51005FC42C6B3875F8B6A243367EB63B_element_60")&gt;</var>
<kw name="Log" library="BuiltIn">
<arg>${Element.text}</arg>
<doc>Logs the given message with the given level.</doc>
<msg timestamp="20230606 18:05:17.266" level="INFO"/>
<status status="PASS" starttime="20230606 18:05:17.253" endtime="20230606 18:05:17.266"/>
</kw>
<kw name="Append To List" library="Collections">
<arg>${HolidayList}</arg>
<arg>${Element.text}</arg>
<doc>Adds ``values`` to the end of ``list``.</doc>
<status status="PASS" starttime="20230606 18:05:17.266" endtime="20230606 18:05:17.280"/>
</kw>
<status status="PASS" starttime="20230606 18:05:17.252" endtime="20230606 18:05:17.280"/>
</iter>
<iter>
<var name="${Element}">&lt;selenium.webdriver.remote.webelement.WebElement (session="d1ff557886b21387e481b606465dc364", element="51005FC42C6B3875F8B6A243367EB63B_element_61")&gt;</var>
<kw name="Log" library="BuiltIn">
<arg>${Element.text}</arg>
<doc>Logs the given message with the given level.</doc>
<msg timestamp="20230606 18:05:17.296" level="INFO"/>
<status status="PASS" starttime="20230606 18:05:17.280" endtime="20230606 18:05:17.296"/>
</kw>
<kw name="Append To List" library="Collections">
<arg>${HolidayList}</arg>
<arg>${Element.text}</arg>
<doc>Adds ``values`` to the end of ``list``.</doc>
<status status="PASS" starttime="20230606 18:05:17.297" endtime="20230606 18:05:17.312"/>
</kw>
<status status="PASS" starttime="20230606 18:05:17.280" endtime="20230606 18:05:17.312"/>
</iter>
<iter>
<var name="${Element}">&lt;selenium.webdriver.remote.webelement.WebElement (session="d1ff557886b21387e481b606465dc364", element="51005FC42C6B3875F8B6A243367EB63B_element_62")&gt;</var>
<kw name="Log" library="BuiltIn">
<arg>${Element.text}</arg>
<doc>Logs the given message with the given level.</doc>
<msg timestamp="20230606 18:05:17.327" level="INFO"/>
<status status="PASS" starttime="20230606 18:05:17.312" endtime="20230606 18:05:17.327"/>
</kw>
<kw name="Append To List" library="Collections">
<arg>${HolidayList}</arg>
<arg>${Element.text}</arg>
<doc>Adds ``values`` to the end of ``list``.</doc>
<status status="PASS" starttime="20230606 18:05:17.327" endtime="20230606 18:05:17.336"/>
</kw>
<status status="PASS" starttime="20230606 18:05:17.312" endtime="20230606 18:05:17.336"/>
</iter>
<iter>
<var name="${Element}">&lt;selenium.webdriver.remote.webelement.WebElement (session="d1ff557886b21387e481b606465dc364", element="51005FC42C6B3875F8B6A243367EB63B_element_63")&gt;</var>
<kw name="Log" library="BuiltIn">
<arg>${Element.text}</arg>
<doc>Logs the given message with the given level.</doc>
<msg timestamp="20230606 18:05:17.341" level="INFO"/>
<status status="PASS" starttime="20230606 18:05:17.336" endtime="20230606 18:05:17.341"/>
</kw>
<kw name="Append To List" library="Collections">
<arg>${HolidayList}</arg>
<arg>${Element.text}</arg>
<doc>Adds ``values`` to the end of ``list``.</doc>
<status status="PASS" starttime="20230606 18:05:17.341" endtime="20230606 18:05:17.357"/>
</kw>
<status status="PASS" starttime="20230606 18:05:17.336" endtime="20230606 18:05:17.357"/>
</iter>
<iter>
<var name="${Element}">&lt;selenium.webdriver.remote.webelement.WebElement (session="d1ff557886b21387e481b606465dc364", element="51005FC42C6B3875F8B6A243367EB63B_element_64")&gt;</var>
<kw name="Log" library="BuiltIn">
<arg>${Element.text}</arg>
<doc>Logs the given message with the given level.</doc>
<msg timestamp="20230606 18:05:17.373" level="INFO"/>
<status status="PASS" starttime="20230606 18:05:17.357" endtime="20230606 18:05:17.373"/>
</kw>
<kw name="Append To List" library="Collections">
<arg>${HolidayList}</arg>
<arg>${Element.text}</arg>
<doc>Adds ``values`` to the end of ``list``.</doc>
<status status="PASS" starttime="20230606 18:05:17.373" endtime="20230606 18:05:17.388"/>
</kw>
<status status="PASS" starttime="20230606 18:05:17.357" endtime="20230606 18:05:17.388"/>
</iter>
<iter>
<var name="${Element}">&lt;selenium.webdriver.remote.webelement.WebElement (session="d1ff557886b21387e481b606465dc364", element="51005FC42C6B3875F8B6A243367EB63B_element_65")&gt;</var>
<kw name="Log" library="BuiltIn">
<arg>${Element.text}</arg>
<doc>Logs the given message with the given level.</doc>
<msg timestamp="20230606 18:05:17.404" level="INFO"/>
<status status="PASS" starttime="20230606 18:05:17.388" endtime="20230606 18:05:17.404"/>
</kw>
<kw name="Append To List" library="Collections">
<arg>${HolidayList}</arg>
<arg>${Element.text}</arg>
<doc>Adds ``values`` to the end of ``list``.</doc>
<status status="PASS" starttime="20230606 18:05:17.404" endtime="20230606 18:05:17.404"/>
</kw>
<status status="PASS" starttime="20230606 18:05:17.388" endtime="20230606 18:05:17.404"/>
</iter>
<iter>
<var name="${Element}">&lt;selenium.webdriver.remote.webelement.WebElement (session="d1ff557886b21387e481b606465dc364", element="51005FC42C6B3875F8B6A243367EB63B_element_66")&gt;</var>
<kw name="Log" library="BuiltIn">
<arg>${Element.text}</arg>
<doc>Logs the given message with the given level.</doc>
<msg timestamp="20230606 18:05:17.420" level="INFO"/>
<status status="PASS" starttime="20230606 18:05:17.404" endtime="20230606 18:05:17.420"/>
</kw>
<kw name="Append To List" library="Collections">
<arg>${HolidayList}</arg>
<arg>${Element.text}</arg>
<doc>Adds ``values`` to the end of ``list``.</doc>
<status status="PASS" starttime="20230606 18:05:17.420" endtime="20230606 18:05:17.441"/>
</kw>
<status status="PASS" starttime="20230606 18:05:17.404" endtime="20230606 18:05:17.441"/>
</iter>
<iter>
<var name="${Element}">&lt;selenium.webdriver.remote.webelement.WebElement (session="d1ff557886b21387e481b606465dc364", element="51005FC42C6B3875F8B6A243367EB63B_element_67")&gt;</var>
<kw name="Log" library="BuiltIn">
<arg>${Element.text}</arg>
<doc>Logs the given message with the given level.</doc>
<msg timestamp="20230606 18:05:17.457" level="INFO"/>
<status status="PASS" starttime="20230606 18:05:17.441" endtime="20230606 18:05:17.457"/>
</kw>
<kw name="Append To List" library="Collections">
<arg>${HolidayList}</arg>
<arg>${Element.text}</arg>
<doc>Adds ``values`` to the end of ``list``.</doc>
<status status="PASS" starttime="20230606 18:05:17.457" endtime="20230606 18:05:17.478"/>
</kw>
<status status="PASS" starttime="20230606 18:05:17.441" endtime="20230606 18:05:17.478"/>
</iter>
<iter>
<var name="${Element}">&lt;selenium.webdriver.remote.webelement.WebElement (session="d1ff557886b21387e481b606465dc364", element="51005FC42C6B3875F8B6A243367EB63B_element_68")&gt;</var>
<kw name="Log" library="BuiltIn">
<arg>${Element.text}</arg>
<doc>Logs the given message with the given level.</doc>
<msg timestamp="20230606 18:05:17.494" level="INFO"/>
<status status="PASS" starttime="20230606 18:05:17.478" endtime="20230606 18:05:17.494"/>
</kw>
<kw name="Append To List" library="Collections">
<arg>${HolidayList}</arg>
<arg>${Element.text}</arg>
<doc>Adds ``values`` to the end of ``list``.</doc>
<status status="PASS" starttime="20230606 18:05:17.494" endtime="20230606 18:05:17.513"/>
</kw>
<status status="PASS" starttime="20230606 18:05:17.478" endtime="20230606 18:05:17.513"/>
</iter>
<iter>
<var name="${Element}">&lt;selenium.webdriver.remote.webelement.WebElement (session="d1ff557886b21387e481b606465dc364", element="51005FC42C6B3875F8B6A243367EB63B_element_69")&gt;</var>
<kw name="Log" library="BuiltIn">
<arg>${Element.text}</arg>
<doc>Logs the given message with the given level.</doc>
<msg timestamp="20230606 18:05:17.529" level="INFO"/>
<status status="PASS" starttime="20230606 18:05:17.513" endtime="20230606 18:05:17.529"/>
</kw>
<kw name="Append To List" library="Collections">
<arg>${HolidayList}</arg>
<arg>${Element.text}</arg>
<doc>Adds ``values`` to the end of ``list``.</doc>
<status status="PASS" starttime="20230606 18:05:17.529" endtime="20230606 18:05:17.541"/>
</kw>
<status status="PASS" starttime="20230606 18:05:17.513" endtime="20230606 18:05:17.541"/>
</iter>
<iter>
<var name="${Element}">&lt;selenium.webdriver.remote.webelement.WebElement (session="d1ff557886b21387e481b606465dc364", element="51005FC42C6B3875F8B6A243367EB63B_element_70")&gt;</var>
<kw name="Log" library="BuiltIn">
<arg>${Element.text}</arg>
<doc>Logs the given message with the given level.</doc>
<msg timestamp="20230606 18:05:17.557" level="INFO"/>
<status status="PASS" starttime="20230606 18:05:17.541" endtime="20230606 18:05:17.557"/>
</kw>
<kw name="Append To List" library="Collections">
<arg>${HolidayList}</arg>
<arg>${Element.text}</arg>
<doc>Adds ``values`` to the end of ``list``.</doc>
<status status="PASS" starttime="20230606 18:05:17.557" endtime="20230606 18:05:17.557"/>
</kw>
<status status="PASS" starttime="20230606 18:05:17.541" endtime="20230606 18:05:17.557"/>
</iter>
<iter>
<var name="${Element}">&lt;selenium.webdriver.remote.webelement.WebElement (session="d1ff557886b21387e481b606465dc364", element="51005FC42C6B3875F8B6A243367EB63B_element_71")&gt;</var>
<kw name="Log" library="BuiltIn">
<arg>${Element.text}</arg>
<doc>Logs the given message with the given level.</doc>
<msg timestamp="20230606 18:05:17.583" level="INFO"/>
<status status="PASS" starttime="20230606 18:05:17.557" endtime="20230606 18:05:17.583"/>
</kw>
<kw name="Append To List" library="Collections">
<arg>${HolidayList}</arg>
<arg>${Element.text}</arg>
<doc>Adds ``values`` to the end of ``list``.</doc>
<status status="PASS" starttime="20230606 18:05:17.583" endtime="20230606 18:05:17.595"/>
</kw>
<status status="PASS" starttime="20230606 18:05:17.557" endtime="20230606 18:05:17.595"/>
</iter>
<iter>
<var name="${Element}">&lt;selenium.webdriver.remote.webelement.WebElement (session="d1ff557886b21387e481b606465dc364", element="51005FC42C6B3875F8B6A243367EB63B_element_72")&gt;</var>
<kw name="Log" library="BuiltIn">
<arg>${Element.text}</arg>
<doc>Logs the given message with the given level.</doc>
<msg timestamp="20230606 18:05:17.609" level="INFO"/>
<status status="PASS" starttime="20230606 18:05:17.595" endtime="20230606 18:05:17.609"/>
</kw>
<kw name="Append To List" library="Collections">
<arg>${HolidayList}</arg>
<arg>${Element.text}</arg>
<doc>Adds ``values`` to the end of ``list``.</doc>
<status status="PASS" starttime="20230606 18:05:17.609" endtime="20230606 18:05:17.620"/>
</kw>
<status status="PASS" starttime="20230606 18:05:17.595" endtime="20230606 18:05:17.620"/>
</iter>
<iter>
<var name="${Element}">&lt;selenium.webdriver.remote.webelement.WebElement (session="d1ff557886b21387e481b606465dc364", element="51005FC42C6B3875F8B6A243367EB63B_element_73")&gt;</var>
<kw name="Log" library="BuiltIn">
<arg>${Element.text}</arg>
<doc>Logs the given message with the given level.</doc>
<msg timestamp="20230606 18:05:17.620" level="INFO"/>
<status status="PASS" starttime="20230606 18:05:17.620" endtime="20230606 18:05:17.620"/>
</kw>
<kw name="Append To List" library="Collections">
<arg>${HolidayList}</arg>
<arg>${Element.text}</arg>
<doc>Adds ``values`` to the end of ``list``.</doc>
<status status="PASS" starttime="20230606 18:05:17.620" endtime="20230606 18:05:17.641"/>
</kw>
<status status="PASS" starttime="20230606 18:05:17.620" endtime="20230606 18:05:17.641"/>
</iter>
<iter>
<var name="${Element}">&lt;selenium.webdriver.remote.webelement.WebElement (session="d1ff557886b21387e481b606465dc364", element="51005FC42C6B3875F8B6A243367EB63B_element_74")&gt;</var>
<kw name="Log" library="BuiltIn">
<arg>${Element.text}</arg>
<doc>Logs the given message with the given level.</doc>
<msg timestamp="20230606 18:05:17.641" level="INFO"/>
<status status="PASS" starttime="20230606 18:05:17.641" endtime="20230606 18:05:17.641"/>
</kw>
<kw name="Append To List" library="Collections">
<arg>${HolidayList}</arg>
<arg>${Element.text}</arg>
<doc>Adds ``values`` to the end of ``list``.</doc>
<status status="PASS" starttime="20230606 18:05:17.641" endtime="20230606 18:05:17.657"/>
</kw>
<status status="PASS" starttime="20230606 18:05:17.641" endtime="20230606 18:05:17.657"/>
</iter>
<iter>
<var name="${Element}">&lt;selenium.webdriver.remote.webelement.WebElement (session="d1ff557886b21387e481b606465dc364", element="51005FC42C6B3875F8B6A243367EB63B_element_75")&gt;</var>
<kw name="Log" library="BuiltIn">
<arg>${Element.text}</arg>
<doc>Logs the given message with the given level.</doc>
<msg timestamp="20230606 18:05:17.675" level="INFO"/>
<status status="PASS" starttime="20230606 18:05:17.657" endtime="20230606 18:05:17.675"/>
</kw>
<kw name="Append To List" library="Collections">
<arg>${HolidayList}</arg>
<arg>${Element.text}</arg>
<doc>Adds ``values`` to the end of ``list``.</doc>
<status status="PASS" starttime="20230606 18:05:17.675" endtime="20230606 18:05:17.688"/>
</kw>
<status status="PASS" starttime="20230606 18:05:17.657" endtime="20230606 18:05:17.688"/>
</iter>
<iter>
<var name="${Element}">&lt;selenium.webdriver.remote.webelement.WebElement (session="d1ff557886b21387e481b606465dc364", element="51005FC42C6B3875F8B6A243367EB63B_element_76")&gt;</var>
<kw name="Log" library="BuiltIn">
<arg>${Element.text}</arg>
<doc>Logs the given message with the given level.</doc>
<msg timestamp="20230606 18:05:17.703" level="INFO"/>
<status status="PASS" starttime="20230606 18:05:17.688" endtime="20230606 18:05:17.703"/>
</kw>
<kw name="Append To List" library="Collections">
<arg>${HolidayList}</arg>
<arg>${Element.text}</arg>
<doc>Adds ``values`` to the end of ``list``.</doc>
<status status="PASS" starttime="20230606 18:05:17.703" endtime="20230606 18:05:17.705"/>
</kw>
<status status="PASS" starttime="20230606 18:05:17.688" endtime="20230606 18:05:17.705"/>
</iter>
<iter>
<var name="${Element}">&lt;selenium.webdriver.remote.webelement.WebElement (session="d1ff557886b21387e481b606465dc364", element="51005FC42C6B3875F8B6A243367EB63B_element_77")&gt;</var>
<kw name="Log" library="BuiltIn">
<arg>${Element.text}</arg>
<doc>Logs the given message with the given level.</doc>
<msg timestamp="20230606 18:05:17.721" level="INFO"/>
<status status="PASS" starttime="20230606 18:05:17.705" endtime="20230606 18:05:17.721"/>
</kw>
<kw name="Append To List" library="Collections">
<arg>${HolidayList}</arg>
<arg>${Element.text}</arg>
<doc>Adds ``values`` to the end of ``list``.</doc>
<status status="PASS" starttime="20230606 18:05:17.721" endtime="20230606 18:05:17.741"/>
</kw>
<status status="PASS" starttime="20230606 18:05:17.705" endtime="20230606 18:05:17.741"/>
</iter>
<iter>
<var name="${Element}">&lt;selenium.webdriver.remote.webelement.WebElement (session="d1ff557886b21387e481b606465dc364", element="51005FC42C6B3875F8B6A243367EB63B_element_78")&gt;</var>
<kw name="Log" library="BuiltIn">
<arg>${Element.text}</arg>
<doc>Logs the given message with the given level.</doc>
<msg timestamp="20230606 18:05:17.757" level="INFO"/>
<status status="PASS" starttime="20230606 18:05:17.741" endtime="20230606 18:05:17.757"/>
</kw>
<kw name="Append To List" library="Collections">
<arg>${HolidayList}</arg>
<arg>${Element.text}</arg>
<doc>Adds ``values`` to the end of ``list``.</doc>
<status status="PASS" starttime="20230606 18:05:17.757" endtime="20230606 18:05:17.773"/>
</kw>
<status status="PASS" starttime="20230606 18:05:17.741" endtime="20230606 18:05:17.773"/>
</iter>
<iter>
<var name="${Element}">&lt;selenium.webdriver.remote.webelement.WebElement (session="d1ff557886b21387e481b606465dc364", element="51005FC42C6B3875F8B6A243367EB63B_element_79")&gt;</var>
<kw name="Log" library="BuiltIn">
<arg>${Element.text}</arg>
<doc>Logs the given message with the given level.</doc>
<msg timestamp="20230606 18:05:17.788" level="INFO"/>
<status status="PASS" starttime="20230606 18:05:17.773" endtime="20230606 18:05:17.788"/>
</kw>
<kw name="Append To List" library="Collections">
<arg>${HolidayList}</arg>
<arg>${Element.text}</arg>
<doc>Adds ``values`` to the end of ``list``.</doc>
<status status="PASS" starttime="20230606 18:05:17.788" endtime="20230606 18:05:17.804"/>
</kw>
<status status="PASS" starttime="20230606 18:05:17.773" endtime="20230606 18:05:17.804"/>
</iter>
<status status="PASS" starttime="20230606 18:05:17.068" endtime="20230606 18:05:17.804"/>
</for>
<status status="PASS" starttime="20230606 18:05:17.001" endtime="20230606 18:05:17.804"/>
</iter>
<iter>
<var name="${i}">2</var>
<kw name="Click Element" library="SeleniumLibrary">
<arg>(${DynamicPagination})[${i}]</arg>
<doc>Click the element identified by ``locator``.</doc>
<msg timestamp="20230606 18:05:17.804" level="INFO">Clicking element '(//a[@class='green normal'])[2]'.</msg>
<status status="PASS" starttime="20230606 18:05:17.804" endtime="20230606 18:05:17.901"/>
</kw>
<for flavor="IN">
<var>${Element}</var>
<value>@{Elements}</value>
<iter>
<var name="${Element}">&lt;selenium.webdriver.remote.webelement.WebElement (session="d1ff557886b21387e481b606465dc364", element="51005FC42C6B3875F8B6A243367EB63B_element_49")&gt;</var>
<kw name="Log" library="BuiltIn">
<arg>${Element.text}</arg>
<doc>Logs the given message with the given level.</doc>
<msg timestamp="20230606 18:05:17.917" level="INFO"/>
<status status="PASS" starttime="20230606 18:05:17.901" endtime="20230606 18:05:17.917"/>
</kw>
<kw name="Append To List" library="Collections">
<arg>${HolidayList}</arg>
<arg>${Element.text}</arg>
<doc>Adds ``values`` to the end of ``list``.</doc>
<status status="PASS" starttime="20230606 18:05:17.917" endtime="20230606 18:05:17.931"/>
</kw>
<status status="PASS" starttime="20230606 18:05:17.901" endtime="20230606 18:05:17.931"/>
</iter>
<iter>
<var name="${Element}">&lt;selenium.webdriver.remote.webelement.WebElement (session="d1ff557886b21387e481b606465dc364", element="51005FC42C6B3875F8B6A243367EB63B_element_50")&gt;</var>
<kw name="Log" library="BuiltIn">
<arg>${Element.text}</arg>
<doc>Logs the given message with the given level.</doc>
<msg timestamp="20230606 18:05:17.942" level="INFO"/>
<status status="PASS" starttime="20230606 18:05:17.932" endtime="20230606 18:05:17.942"/>
</kw>
<kw name="Append To List" library="Collections">
<arg>${HolidayList}</arg>
<arg>${Element.text}</arg>
<doc>Adds ``values`` to the end of ``list``.</doc>
<status status="PASS" starttime="20230606 18:05:17.942" endtime="20230606 18:05:17.958"/>
</kw>
<status status="PASS" starttime="20230606 18:05:17.932" endtime="20230606 18:05:17.958"/>
</iter>
<iter>
<var name="${Element}">&lt;selenium.webdriver.remote.webelement.WebElement (session="d1ff557886b21387e481b606465dc364", element="51005FC42C6B3875F8B6A243367EB63B_element_51")&gt;</var>
<kw name="Log" library="BuiltIn">
<arg>${Element.text}</arg>
<doc>Logs the given message with the given level.</doc>
<msg timestamp="20230606 18:05:17.967" level="INFO"/>
<status status="PASS" starttime="20230606 18:05:17.958" endtime="20230606 18:05:17.967"/>
</kw>
<kw name="Append To List" library="Collections">
<arg>${HolidayList}</arg>
<arg>${Element.text}</arg>
<doc>Adds ``values`` to the end of ``list``.</doc>
<status status="PASS" starttime="20230606 18:05:17.967" endtime="20230606 18:05:17.983"/>
</kw>
<status status="PASS" starttime="20230606 18:05:17.958" endtime="20230606 18:05:17.983"/>
</iter>
<iter>
<var name="${Element}">&lt;selenium.webdriver.remote.webelement.WebElement (session="d1ff557886b21387e481b606465dc364", element="51005FC42C6B3875F8B6A243367EB63B_element_52")&gt;</var>
<kw name="Log" library="BuiltIn">
<arg>${Element.text}</arg>
<doc>Logs the given message with the given level.</doc>
<msg timestamp="20230606 18:05:17.983" level="INFO"/>
<status status="PASS" starttime="20230606 18:05:17.983" endtime="20230606 18:05:17.983"/>
</kw>
<kw name="Append To List" library="Collections">
<arg>${HolidayList}</arg>
<arg>${Element.text}</arg>
<doc>Adds ``values`` to the end of ``list``.</doc>
<status status="PASS" starttime="20230606 18:05:17.983" endtime="20230606 18:05:17.999"/>
</kw>
<status status="PASS" starttime="20230606 18:05:17.983" endtime="20230606 18:05:17.999"/>
</iter>
<iter>
<var name="${Element}">&lt;selenium.webdriver.remote.webelement.WebElement (session="d1ff557886b21387e481b606465dc364", element="51005FC42C6B3875F8B6A243367EB63B_element_53")&gt;</var>
<kw name="Log" library="BuiltIn">
<arg>${Element.text}</arg>
<doc>Logs the given message with the given level.</doc>
<msg timestamp="20230606 18:05:18.015" level="INFO"/>
<status status="PASS" starttime="20230606 18:05:17.999" endtime="20230606 18:05:18.015"/>
</kw>
<kw name="Append To List" library="Collections">
<arg>${HolidayList}</arg>
<arg>${Element.text}</arg>
<doc>Adds ``values`` to the end of ``list``.</doc>
<status status="PASS" starttime="20230606 18:05:18.015" endtime="20230606 18:05:18.030"/>
</kw>
<status status="PASS" starttime="20230606 18:05:17.999" endtime="20230606 18:05:18.030"/>
</iter>
<iter>
<var name="${Element}">&lt;selenium.webdriver.remote.webelement.WebElement (session="d1ff557886b21387e481b606465dc364", element="51005FC42C6B3875F8B6A243367EB63B_element_54")&gt;</var>
<kw name="Log" library="BuiltIn">
<arg>${Element.text}</arg>
<doc>Logs the given message with the given level.</doc>
<msg timestamp="20230606 18:05:18.042" level="INFO"/>
<status status="PASS" starttime="20230606 18:05:18.030" endtime="20230606 18:05:18.042"/>
</kw>
<kw name="Append To List" library="Collections">
<arg>${HolidayList}</arg>
<arg>${Element.text}</arg>
<doc>Adds ``values`` to the end of ``list``.</doc>
<status status="PASS" starttime="20230606 18:05:18.042" endtime="20230606 18:05:18.058"/>
</kw>
<status status="PASS" starttime="20230606 18:05:18.030" endtime="20230606 18:05:18.058"/>
</iter>
<iter>
<var name="${Element}">&lt;selenium.webdriver.remote.webelement.WebElement (session="d1ff557886b21387e481b606465dc364", element="51005FC42C6B3875F8B6A243367EB63B_element_55")&gt;</var>
<kw name="Log" library="BuiltIn">
<arg>${Element.text}</arg>
<doc>Logs the given message with the given level.</doc>
<msg timestamp="20230606 18:05:18.075" level="INFO"/>
<status status="PASS" starttime="20230606 18:05:18.058" endtime="20230606 18:05:18.075"/>
</kw>
<kw name="Append To List" library="Collections">
<arg>${HolidayList}</arg>
<arg>${Element.text}</arg>
<doc>Adds ``values`` to the end of ``list``.</doc>
<status status="PASS" starttime="20230606 18:05:18.075" endtime="20230606 18:05:18.089"/>
</kw>
<status status="PASS" starttime="20230606 18:05:18.058" endtime="20230606 18:05:18.089"/>
</iter>
<iter>
<var name="${Element}">&lt;selenium.webdriver.remote.webelement.WebElement (session="d1ff557886b21387e481b606465dc364", element="51005FC42C6B3875F8B6A243367EB63B_element_56")&gt;</var>
<kw name="Log" library="BuiltIn">
<arg>${Element.text}</arg>
<doc>Logs the given message with the given level.</doc>
<msg timestamp="20230606 18:05:18.089" level="INFO"/>
<status status="PASS" starttime="20230606 18:05:18.089" endtime="20230606 18:05:18.105"/>
</kw>
<kw name="Append To List" library="Collections">
<arg>${HolidayList}</arg>
<arg>${Element.text}</arg>
<doc>Adds ``values`` to the end of ``list``.</doc>
<status status="PASS" starttime="20230606 18:05:18.105" endtime="20230606 18:05:18.116"/>
</kw>
<status status="PASS" starttime="20230606 18:05:18.089" endtime="20230606 18:05:18.116"/>
</iter>
<iter>
<var name="${Element}">&lt;selenium.webdriver.remote.webelement.WebElement (session="d1ff557886b21387e481b606465dc364", element="51005FC42C6B3875F8B6A243367EB63B_element_57")&gt;</var>
<kw name="Log" library="BuiltIn">
<arg>${Element.text}</arg>
<doc>Logs the given message with the given level.</doc>
<msg timestamp="20230606 18:05:18.137" level="INFO"/>
<status status="PASS" starttime="20230606 18:05:18.116" endtime="20230606 18:05:18.137"/>
</kw>
<kw name="Append To List" library="Collections">
<arg>${HolidayList}</arg>
<arg>${Element.text}</arg>
<doc>Adds ``values`` to the end of ``list``.</doc>
<status status="PASS" starttime="20230606 18:05:18.137" endtime="20230606 18:05:18.144"/>
</kw>
<status status="PASS" starttime="20230606 18:05:18.116" endtime="20230606 18:05:18.144"/>
</iter>
<iter>
<var name="${Element}">&lt;selenium.webdriver.remote.webelement.WebElement (session="d1ff557886b21387e481b606465dc364", element="51005FC42C6B3875F8B6A243367EB63B_element_58")&gt;</var>
<kw name="Log" library="BuiltIn">
<arg>${Element.text}</arg>
<doc>Logs the given message with the given level.</doc>
<msg timestamp="20230606 18:05:18.165" level="INFO"/>
<status status="PASS" starttime="20230606 18:05:18.144" endtime="20230606 18:05:18.165"/>
</kw>
<kw name="Append To List" library="Collections">
<arg>${HolidayList}</arg>
<arg>${Element.text}</arg>
<doc>Adds ``values`` to the end of ``list``.</doc>
<status status="PASS" starttime="20230606 18:05:18.165" endtime="20230606 18:05:18.170"/>
</kw>
<status status="PASS" starttime="20230606 18:05:18.144" endtime="20230606 18:05:18.170"/>
</iter>
<iter>
<var name="${Element}">&lt;selenium.webdriver.remote.webelement.WebElement (session="d1ff557886b21387e481b606465dc364", element="51005FC42C6B3875F8B6A243367EB63B_element_59")&gt;</var>
<kw name="Log" library="BuiltIn">
<arg>${Element.text}</arg>
<doc>Logs the given message with the given level.</doc>
<msg timestamp="20230606 18:05:18.186" level="INFO">Good Friday</msg>
<status status="PASS" starttime="20230606 18:05:18.170" endtime="20230606 18:05:18.186"/>
</kw>
<kw name="Append To List" library="Collections">
<arg>${HolidayList}</arg>
<arg>${Element.text}</arg>
<doc>Adds ``values`` to the end of ``list``.</doc>
<status status="PASS" starttime="20230606 18:05:18.186" endtime="20230606 18:05:18.186"/>
</kw>
<status status="PASS" starttime="20230606 18:05:18.170" endtime="20230606 18:05:18.186"/>
</iter>
<iter>
<var name="${Element}">&lt;selenium.webdriver.remote.webelement.WebElement (session="d1ff557886b21387e481b606465dc364", element="51005FC42C6B3875F8B6A243367EB63B_element_60")&gt;</var>
<kw name="Log" library="BuiltIn">
<arg>${Element.text}</arg>
<doc>Logs the given message with the given level.</doc>
<msg timestamp="20230606 18:05:18.202" level="INFO">Id-ul Fitr</msg>
<status status="PASS" starttime="20230606 18:05:18.186" endtime="20230606 18:05:18.202"/>
</kw>
<kw name="Append To List" library="Collections">
<arg>${HolidayList}</arg>
<arg>${Element.text}</arg>
<doc>Adds ``values`` to the end of ``list``.</doc>
<status status="PASS" starttime="20230606 18:05:18.202" endtime="20230606 18:05:18.218"/>
</kw>
<status status="PASS" starttime="20230606 18:05:18.186" endtime="20230606 18:05:18.218"/>
</iter>
<iter>
<var name="${Element}">&lt;selenium.webdriver.remote.webelement.WebElement (session="d1ff557886b21387e481b606465dc364", element="51005FC42C6B3875F8B6A243367EB63B_element_61")&gt;</var>
<kw name="Log" library="BuiltIn">
<arg>${Element.text}</arg>
<doc>Logs the given message with the given level.</doc>
<msg timestamp="20230606 18:05:18.242" level="INFO">Rath Yatra</msg>
<status status="PASS" starttime="20230606 18:05:18.218" endtime="20230606 18:05:18.242"/>
</kw>
<kw name="Append To List" library="Collections">
<arg>${HolidayList}</arg>
<arg>${Element.text}</arg>
<doc>Adds ``values`` to the end of ``list``.</doc>
<status status="PASS" starttime="20230606 18:05:18.242" endtime="20230606 18:05:18.251"/>
</kw>
<status status="PASS" starttime="20230606 18:05:18.218" endtime="20230606 18:05:18.251"/>
</iter>
<iter>
<var name="${Element}">&lt;selenium.webdriver.remote.webelement.WebElement (session="d1ff557886b21387e481b606465dc364", element="51005FC42C6B3875F8B6A243367EB63B_element_62")&gt;</var>
<kw name="Log" library="BuiltIn">
<arg>${Element.text}</arg>
<doc>Logs the given message with the given level.</doc>
<msg timestamp="20230606 18:05:18.267" level="INFO">Bakrid / Eid al Adha Holiday</msg>
<status status="PASS" starttime="20230606 18:05:18.251" endtime="20230606 18:05:18.267"/>
</kw>
<kw name="Append To List" library="Collections">
<arg>${HolidayList}</arg>
<arg>${Element.text}</arg>
<doc>Adds ``values`` to the end of ``list``.</doc>
<status status="PASS" starttime="20230606 18:05:18.267" endtime="20230606 18:05:18.283"/>
</kw>
<status status="PASS" starttime="20230606 18:05:18.251" endtime="20230606 18:05:18.283"/>
</iter>
<iter>
<var name="${Element}">&lt;selenium.webdriver.remote.webelement.WebElement (session="d1ff557886b21387e481b606465dc364", element="51005FC42C6B3875F8B6A243367EB63B_element_63")&gt;</var>
<kw name="Log" library="BuiltIn">
<arg>${Element.text}</arg>
<doc>Logs the given message with the given level.</doc>
<msg timestamp="20230606 18:05:18.298" level="INFO">Moharram</msg>
<status status="PASS" starttime="20230606 18:05:18.283" endtime="20230606 18:05:18.298"/>
</kw>
<kw name="Append To List" library="Collections">
<arg>${HolidayList}</arg>
<arg>${Element.text}</arg>
<doc>Adds ``values`` to the end of ``list``.</doc>
<status status="PASS" starttime="20230606 18:05:18.298" endtime="20230606 18:05:18.314"/>
</kw>
<status status="PASS" starttime="20230606 18:05:18.283" endtime="20230606 18:05:18.314"/>
</iter>
<iter>
<var name="${Element}">&lt;selenium.webdriver.remote.webelement.WebElement (session="d1ff557886b21387e481b606465dc364", element="51005FC42C6B3875F8B6A243367EB63B_element_64")&gt;</var>
<kw name="Log" library="BuiltIn">
<arg>${Element.text}</arg>
<doc>Logs the given message with the given level.</doc>
<msg timestamp="20230606 18:05:18.319" level="INFO">Raksha Bandhan</msg>
<status status="PASS" starttime="20230606 18:05:18.314" endtime="20230606 18:05:18.319"/>
</kw>
<kw name="Append To List" library="Collections">
<arg>${HolidayList}</arg>
<arg>${Element.text}</arg>
<doc>Adds ``values`` to the end of ``list``.</doc>
<status status="PASS" starttime="20230606 18:05:18.319" endtime="20230606 18:05:18.342"/>
</kw>
<status status="PASS" starttime="20230606 18:05:18.314" endtime="20230606 18:05:18.342"/>
</iter>
<iter>
<var name="${Element}">&lt;selenium.webdriver.remote.webelement.WebElement (session="d1ff557886b21387e481b606465dc364", element="51005FC42C6B3875F8B6A243367EB63B_element_65")&gt;</var>
<kw name="Log" library="BuiltIn">
<arg>${Element.text}</arg>
<doc>Logs the given message with the given level.</doc>
<msg timestamp="20230606 18:05:18.358" level="INFO">Independence Day</msg>
<status status="PASS" starttime="20230606 18:05:18.342" endtime="20230606 18:05:18.358"/>
</kw>
<kw name="Append To List" library="Collections">
<arg>${HolidayList}</arg>
<arg>${Element.text}</arg>
<doc>Adds ``values`` to the end of ``list``.</doc>
<status status="PASS" starttime="20230606 18:05:18.358" endtime="20230606 18:05:18.373"/>
</kw>
<status status="PASS" starttime="20230606 18:05:18.342" endtime="20230606 18:05:18.373"/>
</iter>
<iter>
<var name="${Element}">&lt;selenium.webdriver.remote.webelement.WebElement (session="d1ff557886b21387e481b606465dc364", element="51005FC42C6B3875F8B6A243367EB63B_element_66")&gt;</var>
<kw name="Log" library="BuiltIn">
<arg>${Element.text}</arg>
<doc>Logs the given message with the given level.</doc>
<msg timestamp="20230606 18:05:18.389" level="INFO">Parasi New Year Day</msg>
<status status="PASS" starttime="20230606 18:05:18.373" endtime="20230606 18:05:18.389"/>
</kw>
<kw name="Append To List" library="Collections">
<arg>${HolidayList}</arg>
<arg>${Element.text}</arg>
<doc>Adds ``values`` to the end of ``list``.</doc>
<status status="PASS" starttime="20230606 18:05:18.389" endtime="20230606 18:05:18.405"/>
</kw>
<status status="PASS" starttime="20230606 18:05:18.373" endtime="20230606 18:05:18.405"/>
</iter>
<iter>
<var name="${Element}">&lt;selenium.webdriver.remote.webelement.WebElement (session="d1ff557886b21387e481b606465dc364", element="51005FC42C6B3875F8B6A243367EB63B_element_67")&gt;</var>
<kw name="Log" library="BuiltIn">
<arg>${Element.text}</arg>
<doc>Logs the given message with the given level.</doc>
<msg timestamp="20230606 18:05:18.420" level="INFO">Janmashtami</msg>
<status status="PASS" starttime="20230606 18:05:18.405" endtime="20230606 18:05:18.420"/>
</kw>
<kw name="Append To List" library="Collections">
<arg>${HolidayList}</arg>
<arg>${Element.text}</arg>
<doc>Adds ``values`` to the end of ``list``.</doc>
<status status="PASS" starttime="20230606 18:05:18.420" endtime="20230606 18:05:18.442"/>
</kw>
<status status="PASS" starttime="20230606 18:05:18.405" endtime="20230606 18:05:18.442"/>
</iter>
<iter>
<var name="${Element}">&lt;selenium.webdriver.remote.webelement.WebElement (session="d1ff557886b21387e481b606465dc364", element="51005FC42C6B3875F8B6A243367EB63B_element_68")&gt;</var>
<kw name="Log" library="BuiltIn">
<arg>${Element.text}</arg>
<doc>Logs the given message with the given level.</doc>
<msg timestamp="20230606 18:05:18.458" level="INFO">Ganesh Chaturthi</msg>
<status status="PASS" starttime="20230606 18:05:18.442" endtime="20230606 18:05:18.458"/>
</kw>
<kw name="Append To List" library="Collections">
<arg>${HolidayList}</arg>
<arg>${Element.text}</arg>
<doc>Adds ``values`` to the end of ``list``.</doc>
<status status="PASS" starttime="20230606 18:05:18.458" endtime="20230606 18:05:18.476"/>
</kw>
<status status="PASS" starttime="20230606 18:05:18.442" endtime="20230606 18:05:18.476"/>
</iter>
<iter>
<var name="${Element}">&lt;selenium.webdriver.remote.webelement.WebElement (session="d1ff557886b21387e481b606465dc364", element="51005FC42C6B3875F8B6A243367EB63B_element_69")&gt;</var>
<kw name="Log" library="BuiltIn">
<arg>${Element.text}</arg>
<doc>Logs the given message with the given level.</doc>
<msg timestamp="20230606 18:05:18.495" level="INFO"/>
<status status="PASS" starttime="20230606 18:05:18.476" endtime="20230606 18:05:18.495"/>
</kw>
<kw name="Append To List" library="Collections">
<arg>${HolidayList}</arg>
<arg>${Element.text}</arg>
<doc>Adds ``values`` to the end of ``list``.</doc>
<status status="PASS" starttime="20230606 18:05:18.495" endtime="20230606 18:05:18.499"/>
</kw>
<status status="PASS" starttime="20230606 18:05:18.476" endtime="20230606 18:05:18.499"/>
</iter>
<iter>
<var name="${Element}">&lt;selenium.webdriver.remote.webelement.WebElement (session="d1ff557886b21387e481b606465dc364", element="51005FC42C6B3875F8B6A243367EB63B_element_70")&gt;</var>
<kw name="Log" library="BuiltIn">
<arg>${Element.text}</arg>
<doc>Logs the given message with the given level.</doc>
<msg timestamp="20230606 18:05:18.515" level="INFO"/>
<status status="PASS" starttime="20230606 18:05:18.499" endtime="20230606 18:05:18.515"/>
</kw>
<kw name="Append To List" library="Collections">
<arg>${HolidayList}</arg>
<arg>${Element.text}</arg>
<doc>Adds ``values`` to the end of ``list``.</doc>
<status status="PASS" starttime="20230606 18:05:18.515" endtime="20230606 18:05:18.515"/>
</kw>
<status status="PASS" starttime="20230606 18:05:18.499" endtime="20230606 18:05:18.515"/>
</iter>
<iter>
<var name="${Element}">&lt;selenium.webdriver.remote.webelement.WebElement (session="d1ff557886b21387e481b606465dc364", element="51005FC42C6B3875F8B6A243367EB63B_element_71")&gt;</var>
<kw name="Log" library="BuiltIn">
<arg>${Element.text}</arg>
<doc>Logs the given message with the given level.</doc>
<msg timestamp="20230606 18:05:18.542" level="INFO"/>
<status status="PASS" starttime="20230606 18:05:18.531" endtime="20230606 18:05:18.542"/>
</kw>
<kw name="Append To List" library="Collections">
<arg>${HolidayList}</arg>
<arg>${Element.text}</arg>
<doc>Adds ``values`` to the end of ``list``.</doc>
<status status="PASS" starttime="20230606 18:05:18.542" endtime="20230606 18:05:18.558"/>
</kw>
<status status="PASS" starttime="20230606 18:05:18.515" endtime="20230606 18:05:18.558"/>
</iter>
<iter>
<var name="${Element}">&lt;selenium.webdriver.remote.webelement.WebElement (session="d1ff557886b21387e481b606465dc364", element="51005FC42C6B3875F8B6A243367EB63B_element_72")&gt;</var>
<kw name="Log" library="BuiltIn">
<arg>${Element.text}</arg>
<doc>Logs the given message with the given level.</doc>
<msg timestamp="20230606 18:05:18.574" level="INFO"/>
<status status="PASS" starttime="20230606 18:05:18.558" endtime="20230606 18:05:18.574"/>
</kw>
<kw name="Append To List" library="Collections">
<arg>${HolidayList}</arg>
<arg>${Element.text}</arg>
<doc>Adds ``values`` to the end of ``list``.</doc>
<status status="PASS" starttime="20230606 18:05:18.574" endtime="20230606 18:05:18.590"/>
</kw>
<status status="PASS" starttime="20230606 18:05:18.558" endtime="20230606 18:05:18.590"/>
</iter>
<iter>
<var name="${Element}">&lt;selenium.webdriver.remote.webelement.WebElement (session="d1ff557886b21387e481b606465dc364", element="51005FC42C6B3875F8B6A243367EB63B_element_73")&gt;</var>
<kw name="Log" library="BuiltIn">
<arg>${Element.text}</arg>
<doc>Logs the given message with the given level.</doc>
<msg timestamp="20230606 18:05:18.606" level="INFO"/>
[...]
<arg>${New_list}</arg>
<arg>${item}</arg>
<doc>Removes all occurrences of given ``values`` from ``list``.</doc>
<status status="PASS" starttime="20230606 18:05:26.168" endtime="20230606 18:05:26.168"/>
</kw>
<status status="PASS" starttime="20230606 18:05:26.167" endtime="20230606 18:05:26.168"/>
</iter>
<iter>
<var name="${item}">Gandhi Jayanti</var>
<kw name="Remove Values From List" library="Collections">
<arg>${New_list}</arg>
<arg>${item}</arg>
<doc>Removes all occurrences of given ``values`` from ``list``.</doc>
<status status="PASS" starttime="20230606 18:05:26.169" endtime="20230606 18:05:26.169"/>
</kw>
<status status="PASS" starttime="20230606 18:05:26.168" endtime="20230606 18:05:26.169"/>
</iter>
<iter>
<var name="${item}">Maha Ashtami</var>
<kw name="Remove Values From List" library="Collections">
<arg>${New_list}</arg>
<arg>${item}</arg>
<doc>Removes all occurrences of given ``values`` from ``list``.</doc>
<status status="PASS" starttime="20230606 18:05:26.169" endtime="20230606 18:05:26.170"/>
</kw>
<status status="PASS" starttime="20230606 18:05:26.169" endtime="20230606 18:05:26.170"/>
</iter>
<iter>
<var name="${item}">Maha Navmi</var>
<kw name="Remove Values From List" library="Collections">
<arg>${New_list}</arg>
<arg>${item}</arg>
<doc>Removes all occurrences of given ``values`` from ``list``.</doc>
<status status="PASS" starttime="20230606 18:05:26.171" endtime="20230606 18:05:26.172"/>
</kw>
<status status="PASS" starttime="20230606 18:05:26.170" endtime="20230606 18:05:26.172"/>
</iter>
<iter>
<var name="${item}">Vijaya Dashmi</var>
<kw name="Remove Values From List" library="Collections">
<arg>${New_list}</arg>
<arg>${item}</arg>
<doc>Removes all occurrences of given ``values`` from ``list``.</doc>
<status status="PASS" starttime="20230606 18:05:26.172" endtime="20230606 18:05:26.173"/>
</kw>
<status status="PASS" starttime="20230606 18:05:26.172" endtime="20230606 18:05:26.173"/>
</iter>
<iter>
<var name="${item}">Diwali (Deepavali)</var>
<kw name="Remove Values From List" library="Collections">
<arg>${New_list}</arg>
<arg>${item}</arg>
<doc>Removes all occurrences of given ``values`` from ``list``.</doc>
<status status="PASS" starttime="20230606 18:05:26.173" endtime="20230606 18:05:26.174"/>
</kw>
<status status="PASS" starttime="20230606 18:05:26.173" endtime="20230606 18:05:26.174"/>
</iter>
<iter>
<var name="${item}">Vikarma Samvat New Year</var>
<kw name="Remove Values From List" library="Collections">
<arg>${New_list}</arg>
<arg>${item}</arg>
<doc>Removes all occurrences of given ``values`` from ``list``.</doc>
<status status="PASS" starttime="20230606 18:05:26.175" endtime="20230606 18:05:26.175"/>
</kw>
<status status="PASS" starttime="20230606 18:05:26.174" endtime="20230606 18:05:26.175"/>
</iter>
<iter>
<var name="${item}">Bhai Duj</var>
<kw name="Remove Values From List" library="Collections">
<arg>${New_list}</arg>
<arg>${item}</arg>
<doc>Removes all occurrences of given ``values`` from ``list``.</doc>
<status status="PASS" starttime="20230606 18:05:26.175" endtime="20230606 18:05:26.176"/>
</kw>
<status status="PASS" starttime="20230606 18:05:26.175" endtime="20230606 18:05:26.176"/>
</iter>
<iter>
<var name="${item}">Guru Nanak's Jayanti</var>
<kw name="Remove Values From List" library="Collections">
<arg>${New_list}</arg>
<arg>${item}</arg>
<doc>Removes all occurrences of given ``values`` from ``list``.</doc>
<status status="PASS" starttime="20230606 18:05:26.176" endtime="20230606 18:05:26.177"/>
</kw>
<status status="PASS" starttime="20230606 18:05:26.176" endtime="20230606 18:05:26.177"/>
</iter>
<iter>
<var name="${item}"/>
<kw name="Remove Values From List" library="Collections">
<arg>${New_list}</arg>
<arg>${item}</arg>
<doc>Removes all occurrences of given ``values`` from ``list``.</doc>
<status status="PASS" starttime="20230606 18:05:26.177" endtime="20230606 18:05:26.178"/>
</kw>
<status status="PASS" starttime="20230606 18:05:26.177" endtime="20230606 18:05:26.178"/>
</iter>
<iter>
<var name="${item}"/>
<kw name="Remove Values From List" library="Collections">
<arg>${New_list}</arg>
<arg>${item}</arg>
<doc>Removes all occurrences of given ``values`` from ``list``.</doc>
<status status="PASS" starttime="20230606 18:05:26.178" endtime="20230606 18:05:26.179"/>
</kw>
<status status="PASS" starttime="20230606 18:05:26.178" endtime="20230606 18:05:26.179"/>
</iter>
<iter>
<var name="${item}"/>
<kw name="Remove Values From List" library="Collections">
<arg>${New_list}</arg>
<arg>${item}</arg>
<doc>Removes all occurrences of given ``values`` from ``list``.</doc>
<status status="PASS" starttime="20230606 18:05:26.180" endtime="20230606 18:05:26.181"/>
</kw>
<status status="PASS" starttime="20230606 18:05:26.179" endtime="20230606 18:05:26.181"/>
</iter>
<iter>
<var name="${item}"/>
<kw name="Remove Values From List" library="Collections">
<arg>${New_list}</arg>
<arg>${item}</arg>
<doc>Removes all occurrences of given ``values`` from ``list``.</doc>
<status status="PASS" starttime="20230606 18:05:26.182" endtime="20230606 18:05:26.182"/>
</kw>
<status status="PASS" starttime="20230606 18:05:26.181" endtime="20230606 18:05:26.183"/>
</iter>
<iter>
<var name="${item}"/>
<kw name="Remove Values From List" library="Collections">
<arg>${New_list}</arg>
<arg>${item}</arg>
<doc>Removes all occurrences of given ``values`` from ``list``.</doc>
<status status="PASS" starttime="20230606 18:05:26.183" endtime="20230606 18:05:26.184"/>
</kw>
<status status="PASS" starttime="20230606 18:05:26.183" endtime="20230606 18:05:26.184"/>
</iter>
<iter>
<var name="${item}"/>
<kw name="Remove Values From List" library="Collections">
<arg>${New_list}</arg>
<arg>${item}</arg>
<doc>Removes all occurrences of given ``values`` from ``list``.</doc>
<status status="PASS" starttime="20230606 18:05:26.184" endtime="20230606 18:05:26.184"/>
</kw>
<status status="PASS" starttime="20230606 18:05:26.184" endtime="20230606 18:05:26.184"/>
</iter>
<iter>
<var name="${item}"/>
<kw name="Remove Values From List" library="Collections">
<arg>${New_list}</arg>
<arg>${item}</arg>
<doc>Removes all occurrences of given ``values`` from ``list``.</doc>
<status status="PASS" starttime="20230606 18:05:26.185" endtime="20230606 18:05:26.186"/>
</kw>
<status status="PASS" starttime="20230606 18:05:26.185" endtime="20230606 18:05:26.186"/>
</iter>
<iter>
<var name="${item}"/>
<kw name="Remove Values From List" library="Collections">
<arg>${New_list}</arg>
<arg>${item}</arg>
<doc>Removes all occurrences of given ``values`` from ``list``.</doc>
<status status="PASS" starttime="20230606 18:05:26.186" endtime="20230606 18:05:26.186"/>
</kw>
<status status="PASS" starttime="20230606 18:05:26.186" endtime="20230606 18:05:26.186"/>
</iter>
<iter>
<var name="${item}"/>
<kw name="Remove Values From List" library="Collections">
<arg>${New_list}</arg>
<arg>${item}</arg>
<doc>Removes all occurrences of given ``values`` from ``list``.</doc>
<status status="PASS" starttime="20230606 18:05:26.186" endtime="20230606 18:05:26.186"/>
</kw>
<status status="PASS" starttime="20230606 18:05:26.186" endtime="20230606 18:05:26.186"/>
</iter>
<iter>
<var name="${item}"/>
<kw name="Remove Values From List" library="Collections">
<arg>${New_list}</arg>
<arg>${item}</arg>
<doc>Removes all occurrences of given ``values`` from ``list``.</doc>
<status status="PASS" starttime="20230606 18:05:26.186" endtime="20230606 18:05:26.186"/>
</kw>
<status status="PASS" starttime="20230606 18:05:26.186" endtime="20230606 18:05:26.186"/>
</iter>
<iter>
<var name="${item}"/>
<kw name="Remove Values From List" library="Collections">
<arg>${New_list}</arg>
<arg>${item}</arg>
<doc>Removes all occurrences of given ``values`` from ``list``.</doc>
<status status="PASS" starttime="20230606 18:05:26.187" endtime="20230606 18:05:26.187"/>
</kw>
<status status="PASS" starttime="20230606 18:05:26.186" endtime="20230606 18:05:26.187"/>
</iter>
<iter>
<var name="${item}"/>
<kw name="Remove Values From List" library="Collections">
<arg>${New_list}</arg>
<arg>${item}</arg>
<doc>Removes all occurrences of given ``values`` from ``list``.</doc>
<status status="PASS" starttime="20230606 18:05:26.187" endtime="20230606 18:05:26.188"/>
</kw>
<status status="PASS" starttime="20230606 18:05:26.187" endtime="20230606 18:05:26.188"/>
</iter>
<iter>
<var name="${item}"/>
<kw name="Remove Values From List" library="Collections">
<arg>${New_list}</arg>
<arg>${item}</arg>
<doc>Removes all occurrences of given ``values`` from ``list``.</doc>
<status status="PASS" starttime="20230606 18:05:26.188" endtime="20230606 18:05:26.188"/>
</kw>
<status status="PASS" starttime="20230606 18:05:26.188" endtime="20230606 18:05:26.188"/>
</iter>
<iter>
<var name="${item}"/>
<kw name="Remove Values From List" library="Collections">
<arg>${New_list}</arg>
<arg>${item}</arg>
<doc>Removes all occurrences of given ``values`` from ``list``.</doc>
<status status="PASS" starttime="20230606 18:05:26.188" endtime="20230606 18:05:26.188"/>
</kw>
<status status="PASS" starttime="20230606 18:05:26.188" endtime="20230606 18:05:26.188"/>
</iter>
<iter>
<var name="${item}"/>
<kw name="Remove Values From List" library="Collections">
<arg>${New_list}</arg>
<arg>${item}</arg>
<doc>Removes all occurrences of given ``values`` from ``list``.</doc>
<status status="PASS" starttime="20230606 18:05:26.188" endtime="20230606 18:05:26.189"/>
</kw>
<status status="PASS" starttime="20230606 18:05:26.188" endtime="20230606 18:05:26.189"/>
</iter>
<iter>
<var name="${item}"/>
<kw name="Remove Values From List" library="Collections">
<arg>${New_list}</arg>
<arg>${item}</arg>
<doc>Removes all occurrences of given ``values`` from ``list``.</doc>
<status status="PASS" starttime="20230606 18:05:26.190" endtime="20230606 18:05:26.190"/>
</kw>
<status status="PASS" starttime="20230606 18:05:26.190" endtime="20230606 18:05:26.190"/>
</iter>
<iter>
<var name="${item}"/>
<kw name="Remove Values From List" library="Collections">
<arg>${New_list}</arg>
<arg>${item}</arg>
<doc>Removes all occurrences of given ``values`` from ``list``.</doc>
<status status="PASS" starttime="20230606 18:05:26.190" endtime="20230606 18:05:26.191"/>
</kw>
<status status="PASS" starttime="20230606 18:05:26.190" endtime="20230606 18:05:26.191"/>
</iter>
<iter>
<var name="${item}"/>
<kw name="Remove Values From List" library="Collections">
<arg>${New_list}</arg>
<arg>${item}</arg>
<doc>Removes all occurrences of given ``values`` from ``list``.</doc>
<status status="PASS" starttime="20230606 18:05:26.192" endtime="20230606 18:05:26.192"/>
</kw>
<status status="PASS" starttime="20230606 18:05:26.191" endtime="20230606 18:05:26.192"/>
</iter>
<iter>
<var name="${item}"/>
<kw name="Remove Values From List" library="Collections">
<arg>${New_list}</arg>
<arg>${item}</arg>
<doc>Removes all occurrences of given ``values`` from ``list``.</doc>
<status status="PASS" starttime="20230606 18:05:26.193" endtime="20230606 18:05:26.194"/>
</kw>
<status status="PASS" starttime="20230606 18:05:26.193" endtime="20230606 18:05:26.194"/>
</iter>
<iter>
<var name="${item}"/>
<kw name="Remove Values From List" library="Collections">
<arg>${New_list}</arg>
<arg>${item}</arg>
<doc>Removes all occurrences of given ``values`` from ``list``.</doc>
<status status="PASS" starttime="20230606 18:05:26.194" endtime="20230606 18:05:26.195"/>
</kw>
<status status="PASS" starttime="20230606 18:05:26.194" endtime="20230606 18:05:26.195"/>
</iter>
<iter>
<var name="${item}"/>
<kw name="Remove Values From List" library="Collections">
<arg>${New_list}</arg>
<arg>${item}</arg>
<doc>Removes all occurrences of given ``values`` from ``list``.</doc>
<status status="PASS" starttime="20230606 18:05:26.196" endtime="20230606 18:05:26.196"/>
</kw>
<status status="PASS" starttime="20230606 18:05:26.195" endtime="20230606 18:05:26.196"/>
</iter>
<iter>
<var name="${item}"/>
<kw name="Remove Values From List" library="Collections">
<arg>${New_list}</arg>
<arg>${item}</arg>
<doc>Removes all occurrences of given ``values`` from ``list``.</doc>
<status status="PASS" starttime="20230606 18:05:26.197" endtime="20230606 18:05:26.197"/>
</kw>
<status status="PASS" starttime="20230606 18:05:26.197" endtime="20230606 18:05:26.197"/>
</iter>
<iter>
<var name="${item}"/>
<kw name="Remove Values From List" library="Collections">
<arg>${New_list}</arg>
<arg>${item}</arg>
<doc>Removes all occurrences of given ``values`` from ``list``.</doc>
<status status="PASS" starttime="20230606 18:05:26.198" endtime="20230606 18:05:26.198"/>
</kw>
<status status="PASS" starttime="20230606 18:05:26.197" endtime="20230606 18:05:26.198"/>
</iter>
<iter>
<var name="${item}"/>
<kw name="Remove Values From List" library="Collections">
<arg>${New_list}</arg>
<arg>${item}</arg>
<doc>Removes all occurrences of given ``values`` from ``list``.</doc>
<status status="PASS" starttime="20230606 18:05:26.198" endtime="20230606 18:05:26.198"/>
</kw>
<status status="PASS" starttime="20230606 18:05:26.198" endtime="20230606 18:05:26.198"/>
</iter>
<iter>
<var name="${item}"/>
<kw name="Remove Values From List" library="Collections">
<arg>${New_list}</arg>
<arg>${item}</arg>
<doc>Removes all occurrences of given ``values`` from ``list``.</doc>
<status status="PASS" starttime="20230606 18:05:26.199" endtime="20230606 18:05:26.199"/>
</kw>
<status status="PASS" starttime="20230606 18:05:26.199" endtime="20230606 18:05:26.199"/>
</iter>
<iter>
<var name="${item}"/>
<kw name="Remove Values From List" library="Collections">
<arg>${New_list}</arg>
<arg>${item}</arg>
<doc>Removes all occurrences of given ``values`` from ``list``.</doc>
<status status="PASS" starttime="20230606 18:05:26.199" endtime="20230606 18:05:26.200"/>
</kw>
<status status="PASS" starttime="20230606 18:05:26.199" endtime="20230606 18:05:26.200"/>
</iter>
<iter>
<var name="${item}"/>
<kw name="Remove Values From List" library="Collections">
<arg>${New_list}</arg>
<arg>${item}</arg>
<doc>Removes all occurrences of given ``values`` from ``list``.</doc>
<status status="PASS" starttime="20230606 18:05:26.200" endtime="20230606 18:05:26.201"/>
</kw>
<status status="PASS" starttime="20230606 18:05:26.200" endtime="20230606 18:05:26.201"/>
</iter>
<iter>
<var name="${item}"/>
<kw name="Remove Values From List" library="Collections">
<arg>${New_list}</arg>
<arg>${item}</arg>
<doc>Removes all occurrences of given ``values`` from ``list``.</doc>
<status status="PASS" starttime="20230606 18:05:26.201" endtime="20230606 18:05:26.202"/>
</kw>
<status status="PASS" starttime="20230606 18:05:26.201" endtime="20230606 18:05:26.202"/>
</iter>
<iter>
<var name="${item}"/>
<kw name="Remove Values From List" library="Collections">
<arg>${New_list}</arg>
<arg>${item}</arg>
<doc>Removes all occurrences of given ``values`` from ``list``.</doc>
<status status="PASS" starttime="20230606 18:05:26.202" endtime="20230606 18:05:26.203"/>
</kw>
<status status="PASS" starttime="20230606 18:05:26.202" endtime="20230606 18:05:26.203"/>
</iter>
<iter>
<var name="${item}"/>
<kw name="Remove Values From List" library="Collections">
<arg>${New_list}</arg>
<arg>${item}</arg>
<doc>Removes all occurrences of given ``values`` from ``list``.</doc>
<status status="PASS" starttime="20230606 18:05:26.203" endtime="20230606 18:05:26.203"/>
</kw>
<status status="PASS" starttime="20230606 18:05:26.203" endtime="20230606 18:05:26.203"/>
</iter>
<iter>
<var name="${item}"/>
<kw name="Remove Values From List" library="Collections">
<arg>${New_list}</arg>
<arg>${item}</arg>
<doc>Removes all occurrences of given ``values`` from ``list``.</doc>
<status status="PASS" starttime="20230606 18:05:26.203" endtime="20230606 18:05:26.203"/>
</kw>
<status status="PASS" starttime="20230606 18:05:26.203" endtime="20230606 18:05:26.203"/>
</iter>
<iter>
<var name="${item}">Christmas Holiday (Observed)</var>
<kw name="Remove Values From List" library="Collections">
<arg>${New_list}</arg>
<arg>${item}</arg>
<doc>Removes all occurrences of given ``values`` from ``list``.</doc>
<status status="PASS" starttime="20230606 18:05:26.203" endtime="20230606 18:05:26.203"/>
</kw>
<status status="PASS" starttime="20230606 18:05:26.203" endtime="20230606 18:05:26.203"/>
</iter>
<status status="PASS" starttime="20230606 18:05:26.099" endtime="20230606 18:05:26.203"/>
</for>
<kw name="Log" library="BuiltIn">
<arg>${New_list}</arg>
<doc>Logs the given message with the given level.</doc>
<msg timestamp="20230606 18:05:26.203" level="INFO">['Birthday of Swami Vivekananda', 'Thiruvalluvar Day', 'Uzhavar Thirunal', "Netaji's Birthday", 'Holika Dahan/Doljatra', 'Dhuleti', "Chetichand/Ugadi/Gudhi Padwa/Telugu New Year's Day", 'Shree Ram Navmi', 'Mahaveer Jayanti', 'Birthday of Swami Vivekananda', 'Thiruvalluvar Day', 'Uzhavar Thirunal', "Netaji's Birthday", 'Holika Dahan/Doljatra', 'Dhuleti', "Chetichand/Ugadi/Gudhi Padwa/Telugu New Year's Day", 'Shree Ram Navmi', 'Mahaveer Jayanti', "Babu Jagjivan Ram's Birthday", "Dr. B.R. Ambedkar Jayanti/Tamil New Year's Day", 'May Day', 'Buddha Poornima', 'Birthday of Rabindranath Tagore', 'BakriEid (EidUlAdha)', 'Hui Diwas', 'Bonalu', 'Parsi New Year Day', 'Rakshabandhan', 'Vinayaka Chavithi/Varasiddhi Vinayaka Vrata', 'Ganesh Chaturthi/Samvatsari (Chaturthi Paksha)', 'Milad-Un-Nabi', "Mahatma Gandhi's Birthday", 'Mahanavmi/Durga Pooja', 'Dusshera (Vijaya Dashmi)', "Sardar Vallabhbhai Patel's Birthday", 'Govardhan Phooja', 'Vikram Samvant New Year Day/Balipadyami', 'Bhaiyyadhooj/Chitragupta Jayanti/Birsa Munda Jayanti', 'Guru Nanak Jayanti', 'Kanakadasa Jayanthi', 'Christmas', 'Boxing Day']</msg>
<status status="PASS" starttime="20230606 18:05:26.203" endtime="20230606 18:05:26.203"/>
</kw>
<kw name="Get Length" library="BuiltIn">
<arg>${New_list}</arg>
<doc>Returns and logs the length of the given item as an integer.</doc>
<msg timestamp="20230606 18:05:26.203" level="INFO">Length is 42</msg>
<status status="PASS" starttime="20230606 18:05:26.203" endtime="20230606 18:05:26.203"/>
</kw>
<msg timestamp="20230606 18:05:26.203" level="INFO">${diff_list} = None</msg>
<status status="PASS" starttime="20230606 18:05:26.099" endtime="20230606 18:05:26.203"/>
</kw>
<status status="PASS" starttime="20230606 18:05:15.604" endtime="20230606 18:05:26.203"/>
</test>
<test id="s1-t2" name="Fetch HolidayList">
<kw name="Holidaylist" library="ExtendedLibrary">
<msg timestamp="20230606 18:05:26.277" level="FAIL">SSLError: HTTPSConnectionPool(host='intranet.einfochips.com', port=443): Max retries exceeded with url: /employee_intranet/portal/leave/holidaylist (Caused by SSLError(SSLCertVerificationError(1, '[SSL: CERTIFICATE_VERIFY_FAILED] certificate verify failed: unable to get local issuer certificate (_ssl.c:1122)')))</msg>
<status status="FAIL" starttime="20230606 18:05:26.211" endtime="20230606 18:05:26.277"/>
</kw>
<status status="FAIL" starttime="20230606 18:05:26.211" endtime="20230606 18:05:26.278">SSLError: HTTPSConnectionPool(host='intranet.einfochips.com', port=443): Max retries exceeded with url: /employee_intranet/portal/leave/holidaylist (Caused by SSLError(SSLCertVerificationError(1, '[SSL: CERTIFICATE_VERIFY_FAILED] certificate verify failed: unable to get local issuer certificate (_ssl.c:1122)')))</status>
</test>
<kw name="Close Browser Session" library="testCase_common_keywords" type="TEARDOWN">
<kw name="Close Browser" library="SeleniumLibrary">
<doc>Closes the current browser.</doc>
<status status="PASS" starttime="20230606 18:05:26.284" endtime="20230606 18:05:28.517"/>
</kw>
<status status="PASS" starttime="20230606 18:05:26.282" endtime="20230606 18:05:28.517"/>
</kw>
<status status="FAIL" starttime="20230606 18:05:08.349" endtime="20230606 18:05:28.517"/>
</suite>
<statistics>
<total>
<stat pass="1" fail="1" skip="0">All Tests</stat>
</total>
<tag>
</tag>
<suite>
<stat pass="1" fail="1" skip="0" id="s1" name="Testcase Intranet Holiday Difference">Testcase Intranet Holiday Difference</stat>
</suite>
</statistics>
<errors>
</errors>
</robot>
